{"meta": {"format": 3, "version": "7.9.1", "timestamp": "2025-12-01T00:58:54.212733", "branch_coverage": false, "show_contexts": false}, "files": {"src/__init__.py": {"executed_lines": [1, 2], "summary": {"covered_lines": 1, "num_statements": 1, "percent_covered": 100.0, "percent_covered_display": "100", "missing_lines": 0, "excluded_lines": 0}, "missing_lines": [], "excluded_lines": [], "functions": {"": {"executed_lines": [1, 2], "summary": {"covered_lines": 1, "num_statements": 1, "percent_covered": 100.0, "percent_covered_display": "100", "missing_lines": 0, "excluded_lines": 0}, "missing_lines": [], "excluded_lines": []}}, "classes": {"": {"executed_lines": [1, 2], "summary": {"covered_lines": 1, "num_statements": 1, "percent_covered": 100.0, "percent_covered_display": "100", "missing_lines": 0, "excluded_lines": 0}, "missing_lines": [], "excluded_lines": []}}}, "src/adapters/__init__.py": {"executed_lines": [1], "summary": {"covered_lines": 0, "num_statements": 0, "percent_covered": 100.0, "percent_covered_display": "100", "missing_lines": 0, "excluded_lines": 0}, "missing_lines": [], "excluded_lines": [], "functions": {"": {"executed_lines": [1], "summary": {"covered_lines": 0, "num_statements": 0, "percent_covered": 100.0, "percent_covered_display": "100", "missing_lines": 0, "excluded_lines": 0}, "missing_lines": [], "excluded_lines": []}}, "classes": {"": {"executed_lines": [1], "summary": {"covered_lines": 0, "num_statements": 0, "percent_covered": 100.0, "percent_covered_display": "100", "missing_lines": 0, "excluded_lines": 0}, "missing_lines": [], "excluded_lines": []}}}, "src/adapters/eventbrite_adapter.py": {"executed_lines": [1, 11, 12, 13, 14, 16, 18, 21, 24, 25, 26, 29, 30, 32, 33, 35, 41, 43, 66, 67, 71, 73, 74, 76, 79, 80, 83, 84, 93, 97, 104, 105, 109, 111, 114, 115, 116, 117, 118, 120, 121, 123, 124, 128, 129, 130, 134, 135, 136, 141, 143, 152, 154, 155, 158, 159, 160, 162, 165, 166, 168, 169, 170, 172, 173, 176, 177, 180, 183, 185, 198, 199, 200], "summary": {"covered_lines": 70, "num_statements": 70, "percent_covered": 100.0, "percent_covered_display": "100", "missing_lines": 0, "excluded_lines": 0}, "missing_lines": [], "excluded_lines": [], "functions": {"EventbriteAdapter.__init__": {"executed_lines": [41], "summary": {"covered_lines": 1, "num_statements": 1, "percent_covered": 100.0, "percent_covered_display": "100", "missing_lines": 0, "excluded_lines": 0}, "missing_lines": [], "excluded_lines": []}, "EventbriteAdapter.search_events": {"executed_lines": [66, 67, 71, 73, 74, 76, 79, 80, 83, 84, 93, 97, 104, 105, 109, 111, 114, 115, 116, 117, 118, 120, 121, 123, 124, 128, 129, 130, 134, 135, 136, 141], "summary": {"covered_lines": 32, "num_statements": 32, "percent_covered": 100.0, "percent_covered_display": "100", "missing_lines": 0, "excluded_lines": 0}, "missing_lines": [], "excluded_lines": []}, "EventbriteAdapter._parse_event": {"executed_lines": [152, 154, 155, 158, 159, 160, 162, 165, 166, 168, 169, 170, 172, 173, 176, 177, 180, 183, 185, 198, 199, 200], "summary": {"covered_lines": 22, "num_statements": 22, "percent_covered": 100.0, "percent_covered_display": "100", "missing_lines": 0, "excluded_lines": 0}, "missing_lines": [], "excluded_lines": []}, "": {"executed_lines": [1, 11, 12, 13, 14, 16, 18, 21, 24, 25, 26, 29, 30, 32, 33, 35, 43, 143], "summary": {"covered_lines": 15, "num_statements": 15, "percent_covered": 100.0, "percent_covered_display": "100", "missing_lines": 0, "excluded_lines": 0}, "missing_lines": [], "excluded_lines": []}}, "classes": {"EventbriteAPIError": {"executed_lines": [], "summary": {"covered_lines": 0, "num_statements": 0, "percent_covered": 100.0, "percent_covered_display": "100", "missing_lines": 0, "excluded_lines": 0}, "missing_lines": [], "excluded_lines": []}, "EventbriteAdapter": {"executed_lines": [41, 66, 67, 71, 73, 74, 76, 79, 80, 83, 84, 93, 97, 104, 105, 109, 111, 114, 115, 116, 117, 118, 120, 121, 123, 124, 128, 129, 130, 134, 135, 136, 141, 152, 154, 155, 158, 159, 160, 162, 165, 166, 168, 169, 170, 172, 173, 176, 177, 180, 183, 185, 198, 199, 200], "summary": {"covered_lines": 55, "num_statements": 55, "percent_covered": 100.0, "percent_covered_display": "100", "missing_lines": 0, "excluded_lines": 0}, "missing_lines": [], "excluded_lines": []}, "": {"executed_lines": [1, 11, 12, 13, 14, 16, 18, 21, 24, 25, 26, 29, 30, 32, 33, 35, 43, 143], "summary": {"covered_lines": 15, "num_statements": 15, "percent_covered": 100.0, "percent_covered_display": "100", "missing_lines": 0, "excluded_lines": 0}, "missing_lines": [], "excluded_lines": []}}}, "src/adapters/worm_storage_adapter.py": {"executed_lines": [1, 13, 14, 15, 16, 18, 19, 21, 22, 24, 27, 28, 38, 54, 55, 57, 58, 59, 60, 62, 63, 66, 67, 68, 69, 70, 71, 72, 73, 75, 106, 107, 108, 110, 112, 113, 120, 128, 131, 134, 145, 154, 156, 157, 162, 164, 181, 182, 184, 186, 187, 194, 202, 205, 208, 219, 220, 222, 223, 224, 226, 236, 237, 239, 240, 241, 244, 245, 247, 248, 253, 255, 257, 258, 259, 261, 262, 264, 283, 284, 286, 288, 289, 291, 294, 300, 301, 303, 306, 307, 312, 314, 315, 316, 318, 328, 329, 331, 332, 338, 339, 340, 342, 348, 350, 351, 352, 354, 355, 357, 359, 360, 362, 365, 366, 367, 368, 369, 373, 376, 379, 380, 381, 385, 409, 410, 411, 412, 413], "summary": {"covered_lines": 127, "num_statements": 127, "percent_covered": 100.0, "percent_covered_display": "100", "missing_lines": 0, "excluded_lines": 0}, "missing_lines": [], "excluded_lines": [], "functions": {"WORMStorageAdapter.__init__": {"executed_lines": [54, 55, 57, 58, 59, 60, 62, 63, 66, 67, 68, 69, 70, 71, 72, 73], "summary": {"covered_lines": 16, "num_statements": 16, "percent_covered": 100.0, "percent_covered_display": "100", "missing_lines": 0, "excluded_lines": 0}, "missing_lines": [], "excluded_lines": []}, "WORMStorageAdapter.store_audit_log": {"executed_lines": [106, 107, 108, 110, 112, 113, 120, 128, 131, 134, 145, 154, 156, 157, 162], "summary": {"covered_lines": 15, "num_statements": 15, "percent_covered": 100.0, "percent_covered_display": "100", "missing_lines": 0, "excluded_lines": 0}, "missing_lines": [], "excluded_lines": []}, "WORMStorageAdapter.store_deletion_record": {"executed_lines": [181, 182, 184, 186, 187, 194, 202, 205, 208, 219, 220, 222, 223, 224], "summary": {"covered_lines": 14, "num_statements": 14, "percent_covered": 100.0, "percent_covered_display": "100", "missing_lines": 0, "excluded_lines": 0}, "missing_lines": [], "excluded_lines": []}, "WORMStorageAdapter.retrieve_audit_log": {"executed_lines": [236, 237, 239, 240, 241, 244, 245, 247, 248, 253, 255, 257, 258, 259, 261, 262], "summary": {"covered_lines": 16, "num_statements": 16, "percent_covered": 100.0, "percent_covered_display": "100", "missing_lines": 0, "excluded_lines": 0}, "missing_lines": [], "excluded_lines": []}, "WORMStorageAdapter.list_audit_logs": {"executed_lines": [283, 284, 286, 288, 289, 291, 294, 300, 301, 303, 306, 307, 312, 314, 315, 316], "summary": {"covered_lines": 16, "num_statements": 16, "percent_covered": 100.0, "percent_covered_display": "100", "missing_lines": 0, "excluded_lines": 0}, "missing_lines": [], "excluded_lines": []}, "WORMStorageAdapter.verify_immutability": {"executed_lines": [328, 329, 331, 332, 338, 339, 340, 342, 348, 350, 351, 352, 354, 355], "summary": {"covered_lines": 14, "num_statements": 14, "percent_covered": 100.0, "percent_covered_display": "100", "missing_lines": 0, "excluded_lines": 0}, "missing_lines": [], "excluded_lines": []}, "WORMStorageAdapter._calculate_hash": {"executed_lines": [359, 360], "summary": {"covered_lines": 2, "num_statements": 2, "percent_covered": 100.0, "percent_covered_display": "100", "missing_lines": 0, "excluded_lines": 0}, "missing_lines": [], "excluded_lines": []}, "WORMStorageAdapter._extract_date_from_key": {"executed_lines": [365, 366, 367, 368, 369], "summary": {"covered_lines": 5, "num_statements": 5, "percent_covered": 100.0, "percent_covered_display": "100", "missing_lines": 0, "excluded_lines": 0}, "missing_lines": [], "excluded_lines": []}, "get_worm_storage": {"executed_lines": [379, 380, 381], "summary": {"covered_lines": 3, "num_statements": 3, "percent_covered": 100.0, "percent_covered_display": "100", "missing_lines": 0, "excluded_lines": 0}, "missing_lines": [], "excluded_lines": []}, "store_audit_to_worm": {"executed_lines": [409, 410, 411, 412, 413], "summary": {"covered_lines": 5, "num_statements": 5, "percent_covered": 100.0, "percent_covered_display": "100", "missing_lines": 0, "excluded_lines": 0}, "missing_lines": [], "excluded_lines": []}, "": {"executed_lines": [1, 13, 14, 15, 16, 18, 19, 21, 22, 24, 27, 28, 38, 75, 164, 226, 264, 318, 357, 362, 373, 376, 385], "summary": {"covered_lines": 21, "num_statements": 21, "percent_covered": 100.0, "percent_covered_display": "100", "missing_lines": 0, "excluded_lines": 0}, "missing_lines": [], "excluded_lines": []}}, "classes": {"WORMStorageAdapter": {"executed_lines": [54, 55, 57, 58, 59, 60, 62, 63, 66, 67, 68, 69, 70, 71, 72, 73, 106, 107, 108, 110, 112, 113, 120, 128, 131, 134, 145, 154, 156, 157, 162, 181, 182, 184, 186, 187, 194, 202, 205, 208, 219, 220, 222, 223, 224, 236, 237, 239, 240, 241, 244, 245, 247, 248, 253, 255, 257, 258, 259, 261, 262, 283, 284, 286, 288, 289, 291, 294, 300, 301, 303, 306, 307, 312, 314, 315, 316, 328, 329, 331, 332, 338, 339, 340, 342, 348, 350, 351, 352, 354, 355, 359, 360, 365, 366, 367, 368, 369], "summary": {"covered_lines": 98, "num_statements": 98, "percent_covered": 100.0, "percent_covered_display": "100", "missing_lines": 0, "excluded_lines": 0}, "missing_lines": [], "excluded_lines": []}, "": {"executed_lines": [1, 13, 14, 15, 16, 18, 19, 21, 22, 24, 27, 28, 38, 75, 164, 226, 264, 318, 357, 362, 373, 376, 379, 380, 381, 385, 409, 410, 411, 412, 413], "summary": {"covered_lines": 29, "num_statements": 29, "percent_covered": 100.0, "percent_covered_display": "100", "missing_lines": 0, "excluded_lines": 0}, "missing_lines": [], "excluded_lines": []}}}, "src/cache.py": {"executed_lines": [1, 2, 4, 6, 7, 9, 12, 15, 26, 27, 29, 30, 31, 38, 39, 40, 41, 42, 43, 44, 47, 66, 67, 68, 72, 75, 78, 79, 80, 81, 82, 83, 85], "summary": {"covered_lines": 32, "num_statements": 32, "percent_covered": 100.0, "percent_covered_display": "100", "missing_lines": 0, "excluded_lines": 0}, "missing_lines": [], "excluded_lines": [], "functions": {"get_redis_client": {"executed_lines": [26, 27, 29, 30, 31, 38, 39, 40, 41, 42, 43, 44], "summary": {"covered_lines": 12, "num_statements": 12, "percent_covered": 100.0, "percent_covered_display": "100", "missing_lines": 0, "excluded_lines": 0}, "missing_lines": [], "excluded_lines": []}, "get_redis": {"executed_lines": [66, 67, 68, 72], "summary": {"covered_lines": 4, "num_statements": 4, "percent_covered": 100.0, "percent_covered_display": "100", "missing_lines": 0, "excluded_lines": 0}, "missing_lines": [], "excluded_lines": []}, "close_redis": {"executed_lines": [78, 79, 80, 81, 82, 83, 85], "summary": {"covered_lines": 7, "num_statements": 7, "percent_covered": 100.0, "percent_covered_display": "100", "missing_lines": 0, "excluded_lines": 0}, "missing_lines": [], "excluded_lines": []}, "": {"executed_lines": [1, 2, 4, 6, 7, 9, 12, 15, 47, 75], "summary": {"covered_lines": 9, "num_statements": 9, "percent_covered": 100.0, "percent_covered_display": "100", "missing_lines": 0, "excluded_lines": 0}, "missing_lines": [], "excluded_lines": []}}, "classes": {"": {"executed_lines": [1, 2, 4, 6, 7, 9, 12, 15, 26, 27, 29, 30, 31, 38, 39, 40, 41, 42, 43, 44, 47, 66, 67, 68, 72, 75, 78, 79, 80, 81, 82, 83, 85], "summary": {"covered_lines": 32, "num_statements": 32, "percent_covered": 100.0, "percent_covered_display": "100", "missing_lines": 0, "excluded_lines": 0}, "missing_lines": [], "excluded_lines": []}}}, "src/config.py": {"executed_lines": [1, 2, 3, 4, 7, 8, 10, 18, 19, 20, 21, 24, 25, 26, 29, 32, 33, 34, 37, 38, 41, 42, 43, 44, 45, 48, 49, 50, 51, 54, 57, 60, 61, 64, 65, 68, 69, 70, 72, 73, 75, 76, 77, 81], "summary": {"covered_lines": 42, "num_statements": 42, "percent_covered": 100.0, "percent_covered_display": "100", "missing_lines": 0, "excluded_lines": 0}, "missing_lines": [], "excluded_lines": [], "functions": {"Settings.validate_encryption_key_length": {"executed_lines": [75, 76, 77], "summary": {"covered_lines": 3, "num_statements": 3, "percent_covered": 100.0, "percent_covered_display": "100", "missing_lines": 0, "excluded_lines": 0}, "missing_lines": [], "excluded_lines": []}, "": {"executed_lines": [1, 2, 3, 4, 7, 8, 10, 18, 19, 20, 21, 24, 25, 26, 29, 32, 33, 34, 37, 38, 41, 42, 43, 44, 45, 48, 49, 50, 51, 54, 57, 60, 61, 64, 65, 68, 69, 70, 72, 73, 81], "summary": {"covered_lines": 39, "num_statements": 39, "percent_covered": 100.0, "percent_covered_display": "100", "missing_lines": 0, "excluded_lines": 0}, "missing_lines": [], "excluded_lines": []}}, "classes": {"Settings": {"executed_lines": [75, 76, 77], "summary": {"covered_lines": 3, "num_statements": 3, "percent_covered": 100.0, "percent_covered_display": "100", "missing_lines": 0, "excluded_lines": 0}, "missing_lines": [], "excluded_lines": []}, "": {"executed_lines": [1, 2, 3, 4, 7, 8, 10, 18, 19, 20, 21, 24, 25, 26, 29, 32, 33, 34, 37, 38, 41, 42, 43, 44, 45, 48, 49, 50, 51, 54, 57, 60, 61, 64, 65, 68, 69, 70, 72, 73, 81], "summary": {"covered_lines": 39, "num_statements": 39, "percent_covered": 100.0, "percent_covered_display": "100", "missing_lines": 0, "excluded_lines": 0}, "missing_lines": [], "excluded_lines": []}}}, "src/database.py": {"executed_lines": [1, 2, 4, 5, 7, 8, 12, 20, 27, 38, 39, 40, 42, 45, 50], "summary": {"covered_lines": 14, "num_statements": 14, "percent_covered": 100.0, "percent_covered_display": "100", "missing_lines": 0, "excluded_lines": 0}, "missing_lines": [], "excluded_lines": [], "functions": {"get_db": {"executed_lines": [38, 39, 40, 42], "summary": {"covered_lines": 4, "num_statements": 4, "percent_covered": 100.0, "percent_covered_display": "100", "missing_lines": 0, "excluded_lines": 0}, "missing_lines": [], "excluded_lines": []}, "init_db": {"executed_lines": [50], "summary": {"covered_lines": 1, "num_statements": 1, "percent_covered": 100.0, "percent_covered_display": "100", "missing_lines": 0, "excluded_lines": 0}, "missing_lines": [], "excluded_lines": []}, "": {"executed_lines": [1, 2, 4, 5, 7, 8, 12, 20, 27, 45], "summary": {"covered_lines": 9, "num_statements": 9, "percent_covered": 100.0, "percent_covered_display": "100", "missing_lines": 0, "excluded_lines": 0}, "missing_lines": [], "excluded_lines": []}}, "classes": {"": {"executed_lines": [1, 2, 4, 5, 7, 8, 12, 20, 27, 38, 39, 40, 42, 45, 50], "summary": {"covered_lines": 14, "num_statements": 14, "percent_covered": 100.0, "percent_covered_display": "100", "missing_lines": 0, "excluded_lines": 0}, "missing_lines": [], "excluded_lines": []}}}, "src/logging_config.py": {"executed_lines": [1, 11, 12, 13, 14, 15, 16, 18, 21, 22, 24, 37, 40, 43, 44, 45, 46, 47, 50, 53, 54, 57, 58, 61, 62, 63, 64, 65, 66, 67, 68, 71, 72, 78, 79, 82, 91, 101, 102, 105, 108, 116, 117, 119, 122, 123, 125, 128, 138, 141, 142, 145, 148, 150, 155, 158, 159, 160, 161, 164, 165, 166, 167, 170, 173, 174, 175, 176, 178, 183, 184, 186, 192, 193, 195, 197, 199, 200, 201, 202, 203, 205, 206, 208, 210, 211, 214, 228, 230, 232, 233, 235, 236, 237, 238, 240, 242], "summary": {"covered_lines": 93, "num_statements": 93, "percent_covered": 100.0, "percent_covered_display": "100", "missing_lines": 0, "excluded_lines": 0}, "missing_lines": [], "excluded_lines": [], "functions": {"StructuredFormatter.add_fields": {"executed_lines": [37, 40, 43, 44, 45, 46, 47, 50, 53, 54, 57, 58, 61, 62, 63, 64, 65, 66, 67, 68, 71, 72], "summary": {"covered_lines": 22, "num_statements": 22, "percent_covered": 100.0, "percent_covered_display": "100", "missing_lines": 0, "excluded_lines": 0}, "missing_lines": [], "excluded_lines": []}, "HumanReadableFormatter.format": {"executed_lines": [101, 102, 105, 108, 116, 117, 119, 122, 123, 125], "summary": {"covered_lines": 10, "num_statements": 10, "percent_covered": 100.0, "percent_covered_display": "100", "missing_lines": 0, "excluded_lines": 0}, "missing_lines": [], "excluded_lines": []}, "setup_logging": {"executed_lines": [138, 141, 142, 145, 148, 150, 155, 158, 159, 160, 161, 164, 165, 166, 167, 170, 173, 174, 175, 176, 178], "summary": {"covered_lines": 21, "num_statements": 21, "percent_covered": 100.0, "percent_covered_display": "100", "missing_lines": 0, "excluded_lines": 0}, "missing_lines": [], "excluded_lines": []}, "LogContext.__init__": {"executed_lines": [192, 193], "summary": {"covered_lines": 2, "num_statements": 2, "percent_covered": 100.0, "percent_covered_display": "100", "missing_lines": 0, "excluded_lines": 0}, "missing_lines": [], "excluded_lines": []}, "LogContext.__enter__": {"executed_lines": [197, 199, 205, 206], "summary": {"covered_lines": 4, "num_statements": 4, "percent_covered": 100.0, "percent_covered_display": "100", "missing_lines": 0, "excluded_lines": 0}, "missing_lines": [], "excluded_lines": []}, "LogContext.__enter__.record_factory": {"executed_lines": [200, 201, 202, 203], "summary": {"covered_lines": 4, "num_statements": 4, "percent_covered": 100.0, "percent_covered_display": "100", "missing_lines": 0, "excluded_lines": 0}, "missing_lines": [], "excluded_lines": []}, "LogContext.__exit__": {"executed_lines": [210, 211], "summary": {"covered_lines": 2, "num_statements": 2, "percent_covered": 100.0, "percent_covered_display": "100", "missing_lines": 0, "excluded_lines": 0}, "missing_lines": [], "excluded_lines": []}, "get_logger": {"executed_lines": [228, 230, 232, 233, 240, 242], "summary": {"covered_lines": 6, "num_statements": 6, "percent_covered": 100.0, "percent_covered_display": "100", "missing_lines": 0, "excluded_lines": 0}, "missing_lines": [], "excluded_lines": []}, "get_logger.LoggerAdapter.process": {"executed_lines": [235, 236, 237, 238], "summary": {"covered_lines": 4, "num_statements": 4, "percent_covered": 100.0, "percent_covered_display": "100", "missing_lines": 0, "excluded_lines": 0}, "missing_lines": [], "excluded_lines": []}, "": {"executed_lines": [1, 11, 12, 13, 14, 15, 16, 18, 21, 22, 24, 78, 79, 82, 91, 128, 183, 184, 186, 195, 208, 214], "summary": {"covered_lines": 18, "num_statements": 18, "percent_covered": 100.0, "percent_covered_display": "100", "missing_lines": 0, "excluded_lines": 0}, "missing_lines": [], "excluded_lines": []}}, "classes": {"StructuredFormatter": {"executed_lines": [37, 40, 43, 44, 45, 46, 47, 50, 53, 54, 57, 58, 61, 62, 63, 64, 65, 66, 67, 68, 71, 72], "summary": {"covered_lines": 22, "num_statements": 22, "percent_covered": 100.0, "percent_covered_display": "100", "missing_lines": 0, "excluded_lines": 0}, "missing_lines": [], "excluded_lines": []}, "HumanReadableFormatter": {"executed_lines": [101, 102, 105, 108, 116, 117, 119, 122, 123, 125], "summary": {"covered_lines": 10, "num_statements": 10, "percent_covered": 100.0, "percent_covered_display": "100", "missing_lines": 0, "excluded_lines": 0}, "missing_lines": [], "excluded_lines": []}, "LogContext": {"executed_lines": [192, 193, 197, 199, 200, 201, 202, 203, 205, 206, 210, 211], "summary": {"covered_lines": 12, "num_statements": 12, "percent_covered": 100.0, "percent_covered_display": "100", "missing_lines": 0, "excluded_lines": 0}, "missing_lines": [], "excluded_lines": []}, "get_logger.LoggerAdapter": {"executed_lines": [235, 236, 237, 238], "summary": {"covered_lines": 4, "num_statements": 4, "percent_covered": 100.0, "percent_covered_display": "100", "missing_lines": 0, "excluded_lines": 0}, "missing_lines": [], "excluded_lines": []}, "": {"executed_lines": [1, 11, 12, 13, 14, 15, 16, 18, 21, 22, 24, 78, 79, 82, 91, 128, 138, 141, 142, 145, 148, 150, 155, 158, 159, 160, 161, 164, 165, 166, 167, 170, 173, 174, 175, 176, 178, 183, 184, 186, 195, 208, 214, 228, 230, 232, 233, 240, 242], "summary": {"covered_lines": 45, "num_statements": 45, "percent_covered": 100.0, "percent_covered_display": "100", "missing_lines": 0, "excluded_lines": 0}, "missing_lines": [], "excluded_lines": []}}}, "src/main.py": {"executed_lines": [1, 5, 7, 8, 9, 11, 12, 13, 14, 15, 16, 17, 18, 19, 20, 21, 24, 25, 32, 33, 34, 35, 43, 46, 53, 152, 162, 168, 171, 174, 177, 183, 186, 189, 204, 205, 206, 207, 208, 209, 210, 211, 212, 213, 216, 219, 220, 222, 230], "summary": {"covered_lines": 48, "num_statements": 50, "percent_covered": 96.0, "percent_covered_display": "96", "missing_lines": 2, "excluded_lines": 0}, "missing_lines": [231, 233], "excluded_lines": [], "functions": {"lifespan": {"executed_lines": [32, 33, 34, 35, 43, 46], "summary": {"covered_lines": 6, "num_statements": 6, "percent_covered": 100.0, "percent_covered_display": "100", "missing_lines": 0, "excluded_lines": 0}, "missing_lines": [], "excluded_lines": []}, "read_root": {"executed_lines": [222], "summary": {"covered_lines": 1, "num_statements": 1, "percent_covered": 100.0, "percent_covered_display": "100", "missing_lines": 0, "excluded_lines": 0}, "missing_lines": [], "excluded_lines": []}, "": {"executed_lines": [1, 5, 7, 8, 9, 11, 12, 13, 14, 15, 16, 17, 18, 19, 20, 21, 24, 25, 53, 152, 162, 168, 171, 174, 177, 183, 186, 189, 204, 205, 206, 207, 208, 209, 210, 211, 212, 213, 216, 219, 220, 230], "summary": {"covered_lines": 41, "num_statements": 43, "percent_covered": 95.34883720930233, "percent_covered_display": "95", "missing_lines": 2, "excluded_lines": 0}, "missing_lines": [231, 233], "excluded_lines": []}}, "classes": {"": {"executed_lines": [1, 5, 7, 8, 9, 11, 12, 13, 14, 15, 16, 17, 18, 19, 20, 21, 24, 25, 32, 33, 34, 35, 43, 46, 53, 152, 162, 168, 171, 174, 177, 183, 186, 189, 204, 205, 206, 207, 208, 209, 210, 211, 212, 213, 216, 219, 220, 222, 230], "summary": {"covered_lines": 48, "num_statements": 50, "percent_covered": 96.0, "percent_covered_display": "96", "missing_lines": 2, "excluded_lines": 0}, "missing_lines": [231, 233], "excluded_lines": []}}}, "src/middleware/__init__.py": {"executed_lines": [1], "summary": {"covered_lines": 0, "num_statements": 0, "percent_covered": 100.0, "percent_covered_display": "100", "missing_lines": 0, "excluded_lines": 0}, "missing_lines": [], "excluded_lines": [], "functions": {"": {"executed_lines": [], "summary": {"covered_lines": 0, "num_statements": 0, "percent_covered": 100.0, "percent_covered_display": "100", "missing_lines": 0, "excluded_lines": 0}, "missing_lines": [], "excluded_lines": []}}, "classes": {"": {"executed_lines": [], "summary": {"covered_lines": 0, "num_statements": 0, "percent_covered": 100.0, "percent_covered_display": "100", "missing_lines": 0, "excluded_lines": 0}, "missing_lines": [], "excluded_lines": []}}}, "src/middleware/audit.py": {"executed_lines": [1, 7, 8, 9, 10, 12, 13, 14, 16, 17, 18, 19, 21, 24, 25, 42, 52, 54, 68, 69, 72, 75, 76, 79, 82, 85, 86, 93, 94, 96, 98, 109, 110, 113, 114, 117, 118, 120, 122, 141, 142, 143, 146, 149, 152, 155, 158, 164, 178, 188, 189, 191, 193, 203, 204, 207, 208, 209, 210, 211, 212, 213, 214, 217, 218, 219, 220, 223, 224, 225, 226, 227, 228, 229, 231, 232, 233, 235, 237, 247, 250, 251, 253, 254, 257, 260, 261, 262, 263, 264, 266, 268, 278, 281, 282, 283, 284, 285, 286, 288, 298, 306, 310, 359, 360, 361, 374, 375], "summary": {"covered_lines": 106, "num_statements": 106, "percent_covered": 100.0, "percent_covered_display": "100", "missing_lines": 0, "excluded_lines": 0}, "missing_lines": [], "excluded_lines": [], "functions": {"AuditTrailMiddleware.dispatch": {"executed_lines": [68, 69, 72, 75, 76, 79, 82, 85, 86, 93, 94, 96], "summary": {"covered_lines": 12, "num_statements": 12, "percent_covered": 100.0, "percent_covered_display": "100", "missing_lines": 0, "excluded_lines": 0}, "missing_lines": [], "excluded_lines": []}, "AuditTrailMiddleware._should_skip_audit": {"executed_lines": [109, 110, 113, 114, 117, 118, 120], "summary": {"covered_lines": 7, "num_statements": 7, "percent_covered": 100.0, "percent_covered_display": "100", "missing_lines": 0, "excluded_lines": 0}, "missing_lines": [], "excluded_lines": []}, "AuditTrailMiddleware._log_request": {"executed_lines": [141, 142, 143, 146, 149, 152, 155, 158, 164, 178, 188, 189, 191], "summary": {"covered_lines": 13, "num_statements": 13, "percent_covered": 100.0, "percent_covered_display": "100", "missing_lines": 0, "excluded_lines": 0}, "missing_lines": [], "excluded_lines": []}, "AuditTrailMiddleware._determine_action": {"executed_lines": [203, 204, 207, 208, 209, 210, 211, 212, 213, 214, 217, 218, 219, 220, 223, 224, 225, 226, 227, 228, 229, 231, 232, 233, 235], "summary": {"covered_lines": 25, "num_statements": 25, "percent_covered": 100.0, "percent_covered_display": "100", "missing_lines": 0, "excluded_lines": 0}, "missing_lines": [], "excluded_lines": []}, "AuditTrailMiddleware._extract_resource_info": {"executed_lines": [247, 250, 251, 253, 254, 257, 260, 261, 262, 263, 264, 266], "summary": {"covered_lines": 12, "num_statements": 12, "percent_covered": 100.0, "percent_covered_display": "100", "missing_lines": 0, "excluded_lines": 0}, "missing_lines": [], "excluded_lines": []}, "AuditTrailMiddleware._get_request_data": {"executed_lines": [278, 281, 282, 283, 284, 285, 286], "summary": {"covered_lines": 7, "num_statements": 7, "percent_covered": 100.0, "percent_covered_display": "100", "missing_lines": 0, "excluded_lines": 0}, "missing_lines": [], "excluded_lines": []}, "AuditTrailMiddleware._is_sensitive_endpoint": {"executed_lines": [298, 306], "summary": {"covered_lines": 2, "num_statements": 2, "percent_covered": 100.0, "percent_covered_display": "100", "missing_lines": 0, "excluded_lines": 0}, "missing_lines": [], "excluded_lines": []}, "add_audit_log": {"executed_lines": [359, 360, 361, 374, 375], "summary": {"covered_lines": 5, "num_statements": 5, "percent_covered": 100.0, "percent_covered_display": "100", "missing_lines": 0, "excluded_lines": 0}, "missing_lines": [], "excluded_lines": []}, "": {"executed_lines": [1, 7, 8, 9, 10, 12, 13, 14, 16, 17, 18, 19, 21, 24, 25, 42, 52, 54, 98, 122, 193, 237, 268, 288, 310], "summary": {"covered_lines": 23, "num_statements": 23, "percent_covered": 100.0, "percent_covered_display": "100", "missing_lines": 0, "excluded_lines": 0}, "missing_lines": [], "excluded_lines": []}}, "classes": {"AuditTrailMiddleware": {"executed_lines": [68, 69, 72, 75, 76, 79, 82, 85, 86, 93, 94, 96, 109, 110, 113, 114, 117, 118, 120, 141, 142, 143, 146, 149, 152, 155, 158, 164, 178, 188, 189, 191, 203, 204, 207, 208, 209, 210, 211, 212, 213, 214, 217, 218, 219, 220, 223, 224, 225, 226, 227, 228, 229, 231, 232, 233, 235, 247, 250, 251, 253, 254, 257, 260, 261, 262, 263, 264, 266, 278, 281, 282, 283, 284, 285, 286, 298, 306], "summary": {"covered_lines": 78, "num_statements": 78, "percent_covered": 100.0, "percent_covered_display": "100", "missing_lines": 0, "excluded_lines": 0}, "missing_lines": [], "excluded_lines": []}, "": {"executed_lines": [1, 7, 8, 9, 10, 12, 13, 14, 16, 17, 18, 19, 21, 24, 25, 42, 52, 54, 98, 122, 193, 237, 268, 288, 310, 359, 360, 361, 374, 375], "summary": {"covered_lines": 28, "num_statements": 28, "percent_covered": 100.0, "percent_covered_display": "100", "missing_lines": 0, "excluded_lines": 0}, "missing_lines": [], "excluded_lines": []}}}, "src/middleware/auth.py": {"executed_lines": [1, 10, 11, 13, 14, 15, 16, 18, 27, 28, 34, 36, 37, 38, 40, 52, 54, 55, 61, 63, 64, 69, 71, 77, 79, 88, 90, 93, 99, 100, 102, 103, 109, 110, 112, 113, 118, 119, 124, 125, 130, 147, 150, 151, 152, 155, 160, 178, 181, 183, 186, 206, 207, 212, 215, 235, 236, 241], "summary": {"covered_lines": 56, "num_statements": 57, "percent_covered": 98.24561403508773, "percent_covered_display": "98", "missing_lines": 1, "excluded_lines": 0}, "missing_lines": [72], "excluded_lines": [], "functions": {"AuthMiddleware.__init__": {"executed_lines": [36, 37, 38], "summary": {"covered_lines": 3, "num_statements": 3, "percent_covered": 100.0, "percent_covered_display": "100", "missing_lines": 0, "excluded_lines": 0}, "missing_lines": [], "excluded_lines": []}, "AuthMiddleware.extract_token": {"executed_lines": [52, 54, 55, 61, 63, 64, 69, 71, 77], "summary": {"covered_lines": 9, "num_statements": 10, "percent_covered": 90.0, "percent_covered_display": "90", "missing_lines": 1, "excluded_lines": 0}, "missing_lines": [72], "excluded_lines": []}, "AuthMiddleware.authenticate": {"executed_lines": [88, 90, 93, 99, 100, 102, 103, 109, 110, 112, 113, 118, 119, 124, 125], "summary": {"covered_lines": 15, "num_statements": 15, "percent_covered": 100.0, "percent_covered_display": "100", "missing_lines": 0, "excluded_lines": 0}, "missing_lines": [], "excluded_lines": []}, "AuthMiddleware.authenticate_and_set_rls_context": {"executed_lines": [147, 150, 151, 152, 155], "summary": {"covered_lines": 5, "num_statements": 5, "percent_covered": 100.0, "percent_covered_display": "100", "missing_lines": 0, "excluded_lines": 0}, "missing_lines": [], "excluded_lines": []}, "AuthMiddleware.dispatch": {"executed_lines": [178, 181, 183], "summary": {"covered_lines": 3, "num_statements": 3, "percent_covered": 100.0, "percent_covered_display": "100", "missing_lines": 0, "excluded_lines": 0}, "missing_lines": [], "excluded_lines": []}, "get_current_vendor": {"executed_lines": [206, 207, 212], "summary": {"covered_lines": 3, "num_statements": 3, "percent_covered": 100.0, "percent_covered_display": "100", "missing_lines": 0, "excluded_lines": 0}, "missing_lines": [], "excluded_lines": []}, "get_current_email": {"executed_lines": [235, 236, 241], "summary": {"covered_lines": 3, "num_statements": 3, "percent_covered": 100.0, "percent_covered_display": "100", "missing_lines": 0, "excluded_lines": 0}, "missing_lines": [], "excluded_lines": []}, "": {"executed_lines": [1, 10, 11, 13, 14, 15, 16, 18, 27, 28, 34, 40, 79, 130, 160, 186, 215], "summary": {"covered_lines": 15, "num_statements": 15, "percent_covered": 100.0, "percent_covered_display": "100", "missing_lines": 0, "excluded_lines": 0}, "missing_lines": [], "excluded_lines": []}}, "classes": {"AuthMiddleware": {"executed_lines": [36, 37, 38, 52, 54, 55, 61, 63, 64, 69, 71, 77, 88, 90, 93, 99, 100, 102, 103, 109, 110, 112, 113, 118, 119, 124, 125, 147, 150, 151, 152, 155, 178, 181, 183], "summary": {"covered_lines": 35, "num_statements": 36, "percent_covered": 97.22222222222223, "percent_covered_display": "97", "missing_lines": 1, "excluded_lines": 0}, "missing_lines": [72], "excluded_lines": []}, "": {"executed_lines": [1, 10, 11, 13, 14, 15, 16, 18, 27, 28, 34, 40, 79, 130, 160, 186, 206, 207, 212, 215, 235, 236, 241], "summary": {"covered_lines": 21, "num_statements": 21, "percent_covered": 100.0, "percent_covered_display": "100", "missing_lines": 0, "excluded_lines": 0}, "missing_lines": [], "excluded_lines": []}}}, "src/middleware/compression.py": {"executed_lines": [1, 8, 11, 12, 29, 41], "summary": {"covered_lines": 4, "num_statements": 4, "percent_covered": 100.0, "percent_covered_display": "100", "missing_lines": 0, "excluded_lines": 0}, "missing_lines": [], "excluded_lines": [], "functions": {"CompressionMiddleware.__init__": {"executed_lines": [41], "summary": {"covered_lines": 1, "num_statements": 1, "percent_covered": 100.0, "percent_covered_display": "100", "missing_lines": 0, "excluded_lines": 0}, "missing_lines": [], "excluded_lines": []}, "": {"executed_lines": [1, 8, 11, 12, 29], "summary": {"covered_lines": 3, "num_statements": 3, "percent_covered": 100.0, "percent_covered_display": "100", "missing_lines": 0, "excluded_lines": 0}, "missing_lines": [], "excluded_lines": []}}, "classes": {"CompressionMiddleware": {"executed_lines": [41], "summary": {"covered_lines": 1, "num_statements": 1, "percent_covered": 100.0, "percent_covered_display": "100", "missing_lines": 0, "excluded_lines": 0}, "missing_lines": [], "excluded_lines": []}, "": {"executed_lines": [1, 8, 11, 12, 29], "summary": {"covered_lines": 3, "num_statements": 3, "percent_covered": 100.0, "percent_covered_display": "100", "missing_lines": 0, "excluded_lines": 0}, "missing_lines": [], "excluded_lines": []}}}, "src/middleware/csrf.py": {"executed_lines": [1, 9, 10, 11, 12, 13, 14, 16, 17, 18, 21, 28, 29, 34, 41, 42, 44, 54, 57, 60, 61, 62, 65, 72, 74, 76, 90, 92, 93, 94, 95, 97, 98, 99, 100, 103, 104, 105, 108, 114, 115, 116, 119, 120, 122, 123, 127, 130, 131, 132, 134, 136, 137, 138, 145, 146, 156, 159, 167, 184, 185, 186, 187, 189, 207, 208, 211, 212, 214, 215, 222, 226, 229, 232, 233, 237, 243, 244, 245, 251, 252, 253, 259, 262, 263, 271, 278, 279, 284, 291, 292, 294, 305, 308, 311, 312, 313, 316, 323, 325, 327, 343, 345, 346, 347, 348, 350, 351, 352, 353, 354, 357, 358, 359, 362, 368, 369, 370, 373, 374, 376, 377, 381, 384, 385, 386, 389, 390, 391, 393, 395, 396, 397, 404, 425, 426, 427, 431, 438, 453, 460], "summary": {"covered_lines": 137, "num_statements": 137, "percent_covered": 100.0, "percent_covered_display": "100", "missing_lines": 0, "excluded_lines": 0}, "missing_lines": [], "excluded_lines": [], "functions": {"CSRFProtection.__init__": {"executed_lines": [41, 42], "summary": {"covered_lines": 2, "num_statements": 2, "percent_covered": 100.0, "percent_covered_display": "100", "missing_lines": 0, "excluded_lines": 0}, "missing_lines": [], "excluded_lines": []}, "CSRFProtection.generate_token": {"executed_lines": [54, 57, 60, 61, 62, 65, 72, 74], "summary": {"covered_lines": 8, "num_statements": 8, "percent_covered": 100.0, "percent_covered_display": "100", "missing_lines": 0, "excluded_lines": 0}, "missing_lines": [], "excluded_lines": []}, "CSRFProtection.validate_token": {"executed_lines": [90, 92, 93, 94, 95, 97, 98, 99, 100, 103, 104, 105, 108, 114, 115, 116, 119, 120, 122, 123, 127, 130, 131, 132, 134, 136, 137, 138], "summary": {"covered_lines": 28, "num_statements": 28, "percent_covered": 100.0, "percent_covered_display": "100", "missing_lines": 0, "excluded_lines": 0}, "missing_lines": [], "excluded_lines": []}, "CSRFMiddleware.__init__": {"executed_lines": [184, 185, 186, 187], "summary": {"covered_lines": 4, "num_statements": 4, "percent_covered": 100.0, "percent_covered_display": "100", "missing_lines": 0, "excluded_lines": 0}, "missing_lines": [], "excluded_lines": []}, "CSRFMiddleware.dispatch": {"executed_lines": [207, 208, 211, 212, 214, 215, 222, 226, 229, 232, 233, 237, 243, 244, 245, 251, 252, 253, 259, 262, 263, 271], "summary": {"covered_lines": 22, "num_statements": 22, "percent_covered": 100.0, "percent_covered_display": "100", "missing_lines": 0, "excluded_lines": 0}, "missing_lines": [], "excluded_lines": []}, "OAuthStateProtection.__init__": {"executed_lines": [291, 292], "summary": {"covered_lines": 2, "num_statements": 2, "percent_covered": 100.0, "percent_covered_display": "100", "missing_lines": 0, "excluded_lines": 0}, "missing_lines": [], "excluded_lines": []}, "OAuthStateProtection.generate_state": {"executed_lines": [305, 308, 311, 312, 313, 316, 323, 325], "summary": {"covered_lines": 8, "num_statements": 8, "percent_covered": 100.0, "percent_covered_display": "100", "missing_lines": 0, "excluded_lines": 0}, "missing_lines": [], "excluded_lines": []}, "OAuthStateProtection.validate_state": {"executed_lines": [343, 345, 346, 347, 348, 350, 351, 352, 353, 354, 357, 358, 359, 362, 368, 369, 370, 373, 374, 376, 377, 381, 384, 385, 386, 389, 390, 391, 393, 395, 396, 397], "summary": {"covered_lines": 32, "num_statements": 32, "percent_covered": 100.0, "percent_covered_display": "100", "missing_lines": 0, "excluded_lines": 0}, "missing_lines": [], "excluded_lines": []}, "get_csrf_token": {"executed_lines": [425, 426, 427, 431], "summary": {"covered_lines": 4, "num_statements": 4, "percent_covered": 100.0, "percent_covered_display": "100", "missing_lines": 0, "excluded_lines": 0}, "missing_lines": [], "excluded_lines": []}, "setup_csrf_protection": {"executed_lines": [453, 460], "summary": {"covered_lines": 2, "num_statements": 2, "percent_covered": 100.0, "percent_covered_display": "100", "missing_lines": 0, "excluded_lines": 0}, "missing_lines": [], "excluded_lines": []}, "": {"executed_lines": [1, 9, 10, 11, 12, 13, 14, 16, 17, 18, 21, 28, 29, 34, 44, 76, 145, 146, 156, 159, 167, 189, 278, 279, 284, 294, 327, 404, 438], "summary": {"covered_lines": 25, "num_statements": 25, "percent_covered": 100.0, "percent_covered_display": "100", "missing_lines": 0, "excluded_lines": 0}, "missing_lines": [], "excluded_lines": []}}, "classes": {"CSRFProtection": {"executed_lines": [41, 42, 54, 57, 60, 61, 62, 65, 72, 74, 90, 92, 93, 94, 95, 97, 98, 99, 100, 103, 104, 105, 108, 114, 115, 116, 119, 120, 122, 123, 127, 130, 131, 132, 134, 136, 137, 138], "summary": {"covered_lines": 38, "num_statements": 38, "percent_covered": 100.0, "percent_covered_display": "100", "missing_lines": 0, "excluded_lines": 0}, "missing_lines": [], "excluded_lines": []}, "CSRFMiddleware": {"executed_lines": [184, 185, 186, 187, 207, 208, 211, 212, 214, 215, 222, 226, 229, 232, 233, 237, 243, 244, 245, 251, 252, 253, 259, 262, 263, 271], "summary": {"covered_lines": 26, "num_statements": 26, "percent_covered": 100.0, "percent_covered_display": "100", "missing_lines": 0, "excluded_lines": 0}, "missing_lines": [], "excluded_lines": []}, "OAuthStateProtection": {"executed_lines": [291, 292, 305, 308, 311, 312, 313, 316, 323, 325, 343, 345, 346, 347, 348, 350, 351, 352, 353, 354, 357, 358, 359, 362, 368, 369, 370, 373, 374, 376, 377, 381, 384, 385, 386, 389, 390, 391, 393, 395, 396, 397], "summary": {"covered_lines": 42, "num_statements": 42, "percent_covered": 100.0, "percent_covered_display": "100", "missing_lines": 0, "excluded_lines": 0}, "missing_lines": [], "excluded_lines": []}, "": {"executed_lines": [1, 9, 10, 11, 12, 13, 14, 16, 17, 18, 21, 28, 29, 34, 44, 76, 145, 146, 156, 159, 167, 189, 278, 279, 284, 294, 327, 404, 425, 426, 427, 431, 438, 453, 460], "summary": {"covered_lines": 31, "num_statements": 31, "percent_covered": 100.0, "percent_covered_display": "100", "missing_lines": 0, "excluded_lines": 0}, "missing_lines": [], "excluded_lines": []}}}, "src/middleware/error_handler.py": {"executed_lines": [1, 9, 10, 11, 12, 14, 15, 16, 17, 19, 22, 25, 26, 28, 43, 44, 45, 46, 48, 50, 55, 56, 58, 61, 62, 67, 81, 84, 86, 87, 88, 90, 91, 93, 94, 96, 97, 99, 115, 125, 132, 137, 153, 162, 169, 174, 190, 201, 208, 214, 220, 221, 222, 224, 225, 227, 229, 239, 247, 248, 253, 255, 264, 273, 274, 276, 278, 289, 290, 291, 292, 293, 295], "summary": {"covered_lines": 70, "num_statements": 70, "percent_covered": 100.0, "percent_covered_display": "100", "missing_lines": 0, "excluded_lines": 0}, "missing_lines": [], "excluded_lines": [], "functions": {"ErrorResponse.__init__": {"executed_lines": [43, 44, 45, 46], "summary": {"covered_lines": 4, "num_statements": 4, "percent_covered": 100.0, "percent_covered_display": "100", "missing_lines": 0, "excluded_lines": 0}, "missing_lines": [], "excluded_lines": []}, "ErrorResponse.to_dict": {"executed_lines": [50, 55, 56, 58], "summary": {"covered_lines": 4, "num_statements": 4, "percent_covered": 100.0, "percent_covered_display": "100", "missing_lines": 0, "excluded_lines": 0}, "missing_lines": [], "excluded_lines": []}, "GlobalErrorHandler.dispatch": {"executed_lines": [81, 84, 86, 87, 88, 90, 91, 93, 94, 96, 97], "summary": {"covered_lines": 11, "num_statements": 11, "percent_covered": 100.0, "percent_covered_display": "100", "missing_lines": 0, "excluded_lines": 0}, "missing_lines": [], "excluded_lines": []}, "GlobalErrorHandler._handle_database_error": {"executed_lines": [115, 125, 132], "summary": {"covered_lines": 3, "num_statements": 3, "percent_covered": 100.0, "percent_covered_display": "100", "missing_lines": 0, "excluded_lines": 0}, "missing_lines": [], "excluded_lines": []}, "GlobalErrorHandler._handle_validation_error": {"executed_lines": [153, 162, 169], "summary": {"covered_lines": 3, "num_statements": 3, "percent_covered": 100.0, "percent_covered_display": "100", "missing_lines": 0, "excluded_lines": 0}, "missing_lines": [], "excluded_lines": []}, "GlobalErrorHandler._handle_generic_error": {"executed_lines": [190, 201, 208], "summary": {"covered_lines": 3, "num_statements": 3, "percent_covered": 100.0, "percent_covered_display": "100", "missing_lines": 0, "excluded_lines": 0}, "missing_lines": [], "excluded_lines": []}, "setup_exception_handlers": {"executed_lines": [220, 221, 222, 224, 225, 247, 248, 273, 274], "summary": {"covered_lines": 9, "num_statements": 9, "percent_covered": 100.0, "percent_covered_display": "100", "missing_lines": 0, "excluded_lines": 0}, "missing_lines": [], "excluded_lines": []}, "setup_exception_handlers.http_exception_handler": {"executed_lines": [227, 229, 239], "summary": {"covered_lines": 3, "num_statements": 3, "percent_covered": 100.0, "percent_covered_display": "100", "missing_lines": 0, "excluded_lines": 0}, "missing_lines": [], "excluded_lines": []}, "setup_exception_handlers.validation_exception_handler": {"executed_lines": [253, 255, 264], "summary": {"covered_lines": 3, "num_statements": 3, "percent_covered": 100.0, "percent_covered_display": "100", "missing_lines": 0, "excluded_lines": 0}, "missing_lines": [], "excluded_lines": []}, "setup_exception_handlers.integrity_error_handler": {"executed_lines": [276, 278, 289, 290, 291, 292, 293, 295], "summary": {"covered_lines": 8, "num_statements": 8, "percent_covered": 100.0, "percent_covered_display": "100", "missing_lines": 0, "excluded_lines": 0}, "missing_lines": [], "excluded_lines": []}, "": {"executed_lines": [1, 9, 10, 11, 12, 14, 15, 16, 17, 19, 22, 25, 26, 28, 48, 61, 62, 67, 99, 137, 174, 214], "summary": {"covered_lines": 19, "num_statements": 19, "percent_covered": 100.0, "percent_covered_display": "100", "missing_lines": 0, "excluded_lines": 0}, "missing_lines": [], "excluded_lines": []}}, "classes": {"ErrorResponse": {"executed_lines": [43, 44, 45, 46, 50, 55, 56, 58], "summary": {"covered_lines": 8, "num_statements": 8, "percent_covered": 100.0, "percent_covered_display": "100", "missing_lines": 0, "excluded_lines": 0}, "missing_lines": [], "excluded_lines": []}, "GlobalErrorHandler": {"executed_lines": [81, 84, 86, 87, 88, 90, 91, 93, 94, 96, 97, 115, 125, 132, 153, 162, 169, 190, 201, 208], "summary": {"covered_lines": 20, "num_statements": 20, "percent_covered": 100.0, "percent_covered_display": "100", "missing_lines": 0, "excluded_lines": 0}, "missing_lines": [], "excluded_lines": []}, "": {"executed_lines": [1, 9, 10, 11, 12, 14, 15, 16, 17, 19, 22, 25, 26, 28, 48, 61, 62, 67, 99, 137, 174, 214, 220, 221, 222, 224, 225, 227, 229, 239, 247, 248, 253, 255, 264, 273, 274, 276, 278, 289, 290, 291, 292, 293, 295], "summary": {"covered_lines": 42, "num_statements": 42, "percent_covered": 100.0, "percent_covered_display": "100", "missing_lines": 0, "excluded_lines": 0}, "missing_lines": [], "excluded_lines": []}}}, "src/middleware/error_tracking.py": {"executed_lines": [1, 10, 11, 12, 14, 15, 16, 17, 19, 22, 25, 26, 28, 40, 41, 43, 53, 54, 55, 57, 59, 62, 65, 66, 69, 77, 83, 85, 96, 108, 114, 120, 129, 132, 133, 134, 136, 139, 140, 141, 144, 146, 155, 156, 158, 159, 160, 161, 163, 165, 183, 193, 194, 197, 198, 200, 202, 218, 219, 222, 228, 229, 230, 231, 232, 233, 234, 235, 237, 238, 241, 242, 247, 251, 252, 254, 256, 258, 271, 272, 275, 286, 292, 294, 296, 300], "summary": {"covered_lines": 83, "num_statements": 83, "percent_covered": 100.0, "percent_covered_display": "100", "missing_lines": 0, "excluded_lines": 0}, "missing_lines": [], "excluded_lines": [], "functions": {"ErrorTrackingMiddleware.__init__": {"executed_lines": [40, 41], "summary": {"covered_lines": 2, "num_statements": 2, "percent_covered": 100.0, "percent_covered_display": "100", "missing_lines": 0, "excluded_lines": 0}, "missing_lines": [], "excluded_lines": []}, "ErrorTrackingMiddleware.dispatch": {"executed_lines": [53, 54, 55, 57, 59, 62, 65, 66, 69, 77, 83, 85, 96, 108, 114], "summary": {"covered_lines": 15, "num_statements": 15, "percent_covered": 100.0, "percent_covered_display": "100", "missing_lines": 0, "excluded_lines": 0}, "missing_lines": [], "excluded_lines": []}, "ErrorTrackingMiddleware._categorize_error": {"executed_lines": [129, 132, 133, 134, 136, 139, 140, 141, 144], "summary": {"covered_lines": 9, "num_statements": 9, "percent_covered": 100.0, "percent_covered_display": "100", "missing_lines": 0, "excluded_lines": 0}, "missing_lines": [], "excluded_lines": []}, "ErrorTrackingMiddleware._get_status_code": {"executed_lines": [155, 156, 158, 159, 160, 161, 163], "summary": {"covered_lines": 7, "num_statements": 7, "percent_covered": 100.0, "percent_covered_display": "100", "missing_lines": 0, "excluded_lines": 0}, "missing_lines": [], "excluded_lines": []}, "ErrorTrackingMiddleware._build_error_context": {"executed_lines": [183, 193, 194, 197, 198, 200], "summary": {"covered_lines": 6, "num_statements": 6, "percent_covered": 100.0, "percent_covered_display": "100", "missing_lines": 0, "excluded_lines": 0}, "missing_lines": [], "excluded_lines": []}, "ErrorTrackingMiddleware._build_error_response": {"executed_lines": [218, 219, 222, 228, 229, 230, 231, 232, 233, 234, 235, 237, 238, 241, 242, 247], "summary": {"covered_lines": 16, "num_statements": 16, "percent_covered": 100.0, "percent_covered_display": "100", "missing_lines": 0, "excluded_lines": 0}, "missing_lines": [], "excluded_lines": []}, "ErrorMetrics.__init__": {"executed_lines": [256], "summary": {"covered_lines": 1, "num_statements": 1, "percent_covered": 100.0, "percent_covered_display": "100", "missing_lines": 0, "excluded_lines": 0}, "missing_lines": [], "excluded_lines": []}, "ErrorMetrics.record_error": {"executed_lines": [271, 272, 275], "summary": {"covered_lines": 3, "num_statements": 3, "percent_covered": 100.0, "percent_covered_display": "100", "missing_lines": 0, "excluded_lines": 0}, "missing_lines": [], "excluded_lines": []}, "ErrorMetrics.get_metrics": {"executed_lines": [292], "summary": {"covered_lines": 1, "num_statements": 1, "percent_covered": 100.0, "percent_covered_display": "100", "missing_lines": 0, "excluded_lines": 0}, "missing_lines": [], "excluded_lines": []}, "ErrorMetrics.reset_metrics": {"executed_lines": [296], "summary": {"covered_lines": 1, "num_statements": 1, "percent_covered": 100.0, "percent_covered_display": "100", "missing_lines": 0, "excluded_lines": 0}, "missing_lines": [], "excluded_lines": []}, "": {"executed_lines": [1, 10, 11, 12, 14, 15, 16, 17, 19, 22, 25, 26, 28, 43, 120, 146, 165, 202, 251, 252, 254, 258, 286, 294, 300], "summary": {"covered_lines": 22, "num_statements": 22, "percent_covered": 100.0, "percent_covered_display": "100", "missing_lines": 0, "excluded_lines": 0}, "missing_lines": [], "excluded_lines": []}}, "classes": {"ErrorTrackingMiddleware": {"executed_lines": [40, 41, 53, 54, 55, 57, 59, 62, 65, 66, 69, 77, 83, 85, 96, 108, 114, 129, 132, 133, 134, 136, 139, 140, 141, 144, 155, 156, 158, 159, 160, 161, 163, 183, 193, 194, 197, 198, 200, 218, 219, 222, 228, 229, 230, 231, 232, 233, 234, 235, 237, 238, 241, 242, 247], "summary": {"covered_lines": 55, "num_statements": 55, "percent_covered": 100.0, "percent_covered_display": "100", "missing_lines": 0, "excluded_lines": 0}, "missing_lines": [], "excluded_lines": []}, "ErrorMetrics": {"executed_lines": [256, 271, 272, 275, 292, 296], "summary": {"covered_lines": 6, "num_statements": 6, "percent_covered": 100.0, "percent_covered_display": "100", "missing_lines": 0, "excluded_lines": 0}, "missing_lines": [], "excluded_lines": []}, "": {"executed_lines": [1, 10, 11, 12, 14, 15, 16, 17, 19, 22, 25, 26, 28, 43, 120, 146, 165, 202, 251, 252, 254, 258, 286, 294, 300], "summary": {"covered_lines": 22, "num_statements": 22, "percent_covered": 100.0, "percent_covered_display": "100", "missing_lines": 0, "excluded_lines": 0}, "missing_lines": [], "excluded_lines": []}}}, "src/middleware/logging.py": {"executed_lines": [1, 9, 10, 11, 12, 14, 15, 16, 19, 22, 23, 32, 47, 50, 53, 55, 68, 69, 70, 72, 74, 86, 89, 92, 95, 106, 108, 120, 122, 123, 127, 130, 133, 134, 141, 147, 148, 150, 163, 164, 166, 168, 170, 172, 174, 176, 178, 180, 183, 197, 200, 208, 211, 212, 215, 218, 219, 222, 224, 226, 227, 228, 236, 237, 239, 240, 242, 243, 245, 246, 248, 249, 251, 253, 256, 261, 262, 265, 266], "summary": {"covered_lines": 76, "num_statements": 76, "percent_covered": 100.0, "percent_covered_display": "100", "missing_lines": 0, "excluded_lines": 0}, "missing_lines": [], "excluded_lines": [], "functions": {"RequestLoggingMiddleware.dispatch": {"executed_lines": [47, 50, 53, 55, 68, 69, 70, 72, 74, 86, 89, 92, 95, 106], "summary": {"covered_lines": 14, "num_statements": 14, "percent_covered": 100.0, "percent_covered_display": "100", "missing_lines": 0, "excluded_lines": 0}, "missing_lines": [], "excluded_lines": []}, "RequestLoggingMiddleware._get_or_create_correlation_id": {"executed_lines": [120, 122, 123, 127, 130], "summary": {"covered_lines": 5, "num_statements": 5, "percent_covered": 100.0, "percent_covered_display": "100", "missing_lines": 0, "excluded_lines": 0}, "missing_lines": [], "excluded_lines": []}, "StructuredLogger.__init__": {"executed_lines": [147, 148], "summary": {"covered_lines": 2, "num_statements": 2, "percent_covered": 100.0, "percent_covered_display": "100", "missing_lines": 0, "excluded_lines": 0}, "missing_lines": [], "excluded_lines": []}, "StructuredLogger._log": {"executed_lines": [163, 164], "summary": {"covered_lines": 2, "num_statements": 2, "percent_covered": 100.0, "percent_covered_display": "100", "missing_lines": 0, "excluded_lines": 0}, "missing_lines": [], "excluded_lines": []}, "StructuredLogger.debug": {"executed_lines": [168], "summary": {"covered_lines": 1, "num_statements": 1, "percent_covered": 100.0, "percent_covered_display": "100", "missing_lines": 0, "excluded_lines": 0}, "missing_lines": [], "excluded_lines": []}, "StructuredLogger.info": {"executed_lines": [172], "summary": {"covered_lines": 1, "num_statements": 1, "percent_covered": 100.0, "percent_covered_display": "100", "missing_lines": 0, "excluded_lines": 0}, "missing_lines": [], "excluded_lines": []}, "StructuredLogger.warning": {"executed_lines": [176], "summary": {"covered_lines": 1, "num_statements": 1, "percent_covered": 100.0, "percent_covered_display": "100", "missing_lines": 0, "excluded_lines": 0}, "missing_lines": [], "excluded_lines": []}, "StructuredLogger.error": {"executed_lines": [180], "summary": {"covered_lines": 1, "num_statements": 1, "percent_covered": 100.0, "percent_covered_display": "100", "missing_lines": 0, "excluded_lines": 0}, "missing_lines": [], "excluded_lines": []}, "get_logger": {"executed_lines": [197], "summary": {"covered_lines": 1, "num_statements": 1, "percent_covered": 100.0, "percent_covered_display": "100", "missing_lines": 0, "excluded_lines": 0}, "missing_lines": [], "excluded_lines": []}, "configure_logging": {"executed_lines": [208, 211, 212, 215, 218, 219, 222, 224, 226, 227, 253, 256, 261, 262, 265, 266], "summary": {"covered_lines": 16, "num_statements": 16, "percent_covered": 100.0, "percent_covered_display": "100", "missing_lines": 0, "excluded_lines": 0}, "missing_lines": [], "excluded_lines": []}, "configure_logging.JsonFormatter.format": {"executed_lines": [228, 236, 237, 239, 240, 242, 243, 245, 246, 248, 249, 251], "summary": {"covered_lines": 12, "num_statements": 12, "percent_covered": 100.0, "percent_covered_display": "100", "missing_lines": 0, "excluded_lines": 0}, "missing_lines": [], "excluded_lines": []}, "": {"executed_lines": [1, 9, 10, 11, 12, 14, 15, 16, 19, 22, 23, 32, 108, 133, 134, 141, 150, 166, 170, 174, 178, 183, 200], "summary": {"covered_lines": 20, "num_statements": 20, "percent_covered": 100.0, "percent_covered_display": "100", "missing_lines": 0, "excluded_lines": 0}, "missing_lines": [], "excluded_lines": []}}, "classes": {"RequestLoggingMiddleware": {"executed_lines": [47, 50, 53, 55, 68, 69, 70, 72, 74, 86, 89, 92, 95, 106, 120, 122, 123, 127, 130], "summary": {"covered_lines": 19, "num_statements": 19, "percent_covered": 100.0, "percent_covered_display": "100", "missing_lines": 0, "excluded_lines": 0}, "missing_lines": [], "excluded_lines": []}, "StructuredLogger": {"executed_lines": [147, 148, 163, 164, 168, 172, 176, 180], "summary": {"covered_lines": 8, "num_statements": 8, "percent_covered": 100.0, "percent_covered_display": "100", "missing_lines": 0, "excluded_lines": 0}, "missing_lines": [], "excluded_lines": []}, "configure_logging.JsonFormatter": {"executed_lines": [228, 236, 237, 239, 240, 242, 243, 245, 246, 248, 249, 251], "summary": {"covered_lines": 12, "num_statements": 12, "percent_covered": 100.0, "percent_covered_display": "100", "missing_lines": 0, "excluded_lines": 0}, "missing_lines": [], "excluded_lines": []}, "": {"executed_lines": [1, 9, 10, 11, 12, 14, 15, 16, 19, 22, 23, 32, 108, 133, 134, 141, 150, 166, 170, 174, 178, 183, 197, 200, 208, 211, 212, 215, 218, 219, 222, 224, 226, 227, 253, 256, 261, 262, 265, 266], "summary": {"covered_lines": 37, "num_statements": 37, "percent_covered": 100.0, "percent_covered_display": "100", "missing_lines": 0, "excluded_lines": 0}, "missing_lines": [], "excluded_lines": []}}}, "src/middleware/metrics_middleware.py": {"executed_lines": [1, 13, 14, 16, 17, 18, 20, 26, 28, 31, 32, 42, 44, 45, 48, 51, 53, 55, 58, 59, 62, 69, 75, 76, 77, 82, 84, 86, 88, 94, 99, 100, 104, 106, 121, 122, 125, 126, 129, 130, 132, 133, 134, 137, 138, 140, 141, 143, 144, 146, 148, 150, 151, 153, 155, 157, 158, 159, 161, 162, 164, 165, 166, 167, 168, 169, 174, 177], "summary": {"covered_lines": 66, "num_statements": 68, "percent_covered": 97.05882352941177, "percent_covered_display": "97", "missing_lines": 2, "excluded_lines": 0}, "missing_lines": [175, 176], "excluded_lines": [], "functions": {"MetricsMiddleware.dispatch": {"executed_lines": [44, 45, 48, 51, 53, 55, 58, 59, 62, 69, 75, 76, 77, 82, 84, 86, 88, 94, 99, 100, 104], "summary": {"covered_lines": 21, "num_statements": 21, "percent_covered": 100.0, "percent_covered_display": "100", "missing_lines": 0, "excluded_lines": 0}, "missing_lines": [], "excluded_lines": []}, "MetricsMiddleware._normalize_endpoint": {"executed_lines": [121, 122, 125, 126, 129, 130, 132, 133, 134, 137, 138, 140, 141, 143, 144, 146, 148], "summary": {"covered_lines": 17, "num_statements": 17, "percent_covered": 100.0, "percent_covered_display": "100", "missing_lines": 0, "excluded_lines": 0}, "missing_lines": [], "excluded_lines": []}, "MetricsMiddleware._is_uuid": {"executed_lines": [153, 155, 157, 158, 159], "summary": {"covered_lines": 5, "num_statements": 5, "percent_covered": 100.0, "percent_covered_display": "100", "missing_lines": 0, "excluded_lines": 0}, "missing_lines": [], "excluded_lines": []}, "MetricsMiddleware._is_date": {"executed_lines": [164, 165, 166, 167, 168, 169, 174, 177], "summary": {"covered_lines": 8, "num_statements": 10, "percent_covered": 80.0, "percent_covered_display": "80", "missing_lines": 2, "excluded_lines": 0}, "missing_lines": [175, 176], "excluded_lines": []}, "": {"executed_lines": [1, 13, 14, 16, 17, 18, 20, 26, 28, 31, 32, 42, 106, 150, 151, 161, 162], "summary": {"covered_lines": 15, "num_statements": 15, "percent_covered": 100.0, "percent_covered_display": "100", "missing_lines": 0, "excluded_lines": 0}, "missing_lines": [], "excluded_lines": []}}, "classes": {"MetricsMiddleware": {"executed_lines": [44, 45, 48, 51, 53, 55, 58, 59, 62, 69, 75, 76, 77, 82, 84, 86, 88, 94, 99, 100, 104, 121, 122, 125, 126, 129, 130, 132, 133, 134, 137, 138, 140, 141, 143, 144, 146, 148, 153, 155, 157, 158, 159, 164, 165, 166, 167, 168, 169, 174, 177], "summary": {"covered_lines": 51, "num_statements": 53, "percent_covered": 96.22641509433963, "percent_covered_display": "96", "missing_lines": 2, "excluded_lines": 0}, "missing_lines": [175, 176], "excluded_lines": []}, "": {"executed_lines": [1, 13, 14, 16, 17, 18, 20, 26, 28, 31, 32, 42, 106, 150, 151, 161, 162], "summary": {"covered_lines": 15, "num_statements": 15, "percent_covered": 100.0, "percent_covered_display": "100", "missing_lines": 0, "excluded_lines": 0}, "missing_lines": [], "excluded_lines": []}}}, "src/middleware/rate_limit.py": {"executed_lines": [1, 15, 16, 17, 19, 20, 21, 22, 24, 27, 30, 31, 39, 40, 43, 45, 53, 54, 57, 58, 59, 65, 66, 67, 68, 69, 74, 75, 77, 92, 93, 94, 97, 100, 105, 107, 109, 119, 136, 139, 140, 141, 143, 145, 155, 156, 157, 158, 161, 162, 163, 165, 167, 179, 180, 182, 185, 186, 188, 190, 207, 208, 211, 213, 215, 218, 221, 224, 227, 229, 232, 235, 238, 241, 243, 245, 246, 248, 251, 252, 260, 273, 274, 275, 277, 288, 291, 292, 294, 295, 298, 299, 300, 303, 304, 309, 310, 314, 316, 317, 318, 319, 320, 321, 323, 324, 326, 327, 332, 333, 334, 335, 342, 358], "summary": {"covered_lines": 111, "num_statements": 111, "percent_covered": 100.0, "percent_covered_display": "100", "missing_lines": 0, "excluded_lines": 0}, "missing_lines": [], "excluded_lines": [], "functions": {"RateLimitMiddleware.__init__": {"executed_lines": [53, 54, 57, 58, 59, 65, 66, 67, 68, 69, 74, 75], "summary": {"covered_lines": 12, "num_statements": 12, "percent_covered": 100.0, "percent_covered_display": "100", "missing_lines": 0, "excluded_lines": 0}, "missing_lines": [], "excluded_lines": []}, "RateLimitMiddleware.dispatch": {"executed_lines": [92, 93, 94, 97, 100, 105, 107, 109, 119, 136, 139, 140, 141, 143], "summary": {"covered_lines": 14, "num_statements": 14, "percent_covered": 100.0, "percent_covered_display": "100", "missing_lines": 0, "excluded_lines": 0}, "missing_lines": [], "excluded_lines": []}, "RateLimitMiddleware._get_identifier_and_limit": {"executed_lines": [155, 156, 157, 158, 161, 162, 163, 165], "summary": {"covered_lines": 8, "num_statements": 8, "percent_covered": 100.0, "percent_covered_display": "100", "missing_lines": 0, "excluded_lines": 0}, "missing_lines": [], "excluded_lines": []}, "RateLimitMiddleware._get_client_ip": {"executed_lines": [179, 180, 182, 185, 186, 188], "summary": {"covered_lines": 6, "num_statements": 6, "percent_covered": 100.0, "percent_covered_display": "100", "missing_lines": 0, "excluded_lines": 0}, "missing_lines": [], "excluded_lines": []}, "RateLimitMiddleware._check_rate_limit": {"executed_lines": [207, 208, 211, 213, 215, 218, 221, 224, 227, 229, 232, 235, 238, 241, 243, 245, 246, 248], "summary": {"covered_lines": 18, "num_statements": 18, "percent_covered": 100.0, "percent_covered_display": "100", "missing_lines": 0, "excluded_lines": 0}, "missing_lines": [], "excluded_lines": []}, "RateLimitConfig.__init__": {"executed_lines": [273, 274, 275], "summary": {"covered_lines": 3, "num_statements": 3, "percent_covered": 100.0, "percent_covered_display": "100", "missing_lines": 0, "excluded_lines": 0}, "missing_lines": [], "excluded_lines": []}, "RateLimitConfig.__call__": {"executed_lines": [288, 291, 292, 294, 295, 298, 299, 300, 303, 304, 309, 310, 314, 316, 317, 318, 319, 320, 321, 323, 324, 326, 327, 332, 333, 334, 335], "summary": {"covered_lines": 27, "num_statements": 27, "percent_covered": 100.0, "percent_covered_display": "100", "missing_lines": 0, "excluded_lines": 0}, "missing_lines": [], "excluded_lines": []}, "rate_limit": {"executed_lines": [358], "summary": {"covered_lines": 1, "num_statements": 1, "percent_covered": 100.0, "percent_covered_display": "100", "missing_lines": 0, "excluded_lines": 0}, "missing_lines": [], "excluded_lines": []}, "": {"executed_lines": [1, 15, 16, 17, 19, 20, 21, 22, 24, 27, 30, 31, 39, 40, 43, 45, 77, 145, 167, 190, 251, 252, 260, 277, 342], "summary": {"covered_lines": 22, "num_statements": 22, "percent_covered": 100.0, "percent_covered_display": "100", "missing_lines": 0, "excluded_lines": 0}, "missing_lines": [], "excluded_lines": []}}, "classes": {"RateLimitMiddleware": {"executed_lines": [53, 54, 57, 58, 59, 65, 66, 67, 68, 69, 74, 75, 92, 93, 94, 97, 100, 105, 107, 109, 119, 136, 139, 140, 141, 143, 155, 156, 157, 158, 161, 162, 163, 165, 179, 180, 182, 185, 186, 188, 207, 208, 211, 213, 215, 218, 221, 224, 227, 229, 232, 235, 238, 241, 243, 245, 246, 248], "summary": {"covered_lines": 58, "num_statements": 58, "percent_covered": 100.0, "percent_covered_display": "100", "missing_lines": 0, "excluded_lines": 0}, "missing_lines": [], "excluded_lines": []}, "RateLimitConfig": {"executed_lines": [273, 274, 275, 288, 291, 292, 294, 295, 298, 299, 300, 303, 304, 309, 310, 314, 316, 317, 318, 319, 320, 321, 323, 324, 326, 327, 332, 333, 334, 335], "summary": {"covered_lines": 30, "num_statements": 30, "percent_covered": 100.0, "percent_covered_display": "100", "missing_lines": 0, "excluded_lines": 0}, "missing_lines": [], "excluded_lines": []}, "": {"executed_lines": [1, 15, 16, 17, 19, 20, 21, 22, 24, 27, 30, 31, 39, 40, 43, 45, 77, 145, 167, 190, 251, 252, 260, 277, 342, 358], "summary": {"covered_lines": 23, "num_statements": 23, "percent_covered": 100.0, "percent_covered_display": "100", "missing_lines": 0, "excluded_lines": 0}, "missing_lines": [], "excluded_lines": []}}}, "src/middleware/request_logging.py": {"executed_lines": [1, 9, 10, 11, 12, 14, 15, 16, 18, 21, 24, 25, 27, 33, 35, 46, 47, 50, 53, 56, 62, 70, 72, 75, 78, 89, 91, 93, 95, 98, 111, 113, 123, 124, 126, 129, 130, 131, 134, 135, 137], "summary": {"covered_lines": 39, "num_statements": 39, "percent_covered": 100.0, "percent_covered_display": "100", "missing_lines": 0, "excluded_lines": 0}, "missing_lines": [], "excluded_lines": [], "functions": {"RequestLoggingMiddleware.__init__": {"executed_lines": [33], "summary": {"covered_lines": 1, "num_statements": 1, "percent_covered": 100.0, "percent_covered_display": "100", "missing_lines": 0, "excluded_lines": 0}, "missing_lines": [], "excluded_lines": []}, "RequestLoggingMiddleware.dispatch": {"executed_lines": [46, 47, 50, 53, 56, 62, 70, 72, 75, 78, 89, 91, 93, 95, 98, 111], "summary": {"covered_lines": 16, "num_statements": 16, "percent_covered": 100.0, "percent_covered_display": "100", "missing_lines": 0, "excluded_lines": 0}, "missing_lines": [], "excluded_lines": []}, "RequestLoggingMiddleware._get_client_ip": {"executed_lines": [123, 124, 126, 129, 130, 131, 134, 135, 137], "summary": {"covered_lines": 9, "num_statements": 9, "percent_covered": 100.0, "percent_covered_display": "100", "missing_lines": 0, "excluded_lines": 0}, "missing_lines": [], "excluded_lines": []}, "": {"executed_lines": [1, 9, 10, 11, 12, 14, 15, 16, 18, 21, 24, 25, 27, 35, 113], "summary": {"covered_lines": 13, "num_statements": 13, "percent_covered": 100.0, "percent_covered_display": "100", "missing_lines": 0, "excluded_lines": 0}, "missing_lines": [], "excluded_lines": []}}, "classes": {"RequestLoggingMiddleware": {"executed_lines": [33, 46, 47, 50, 53, 56, 62, 70, 72, 75, 78, 89, 91, 93, 95, 98, 111, 123, 124, 126, 129, 130, 131, 134, 135, 137], "summary": {"covered_lines": 26, "num_statements": 26, "percent_covered": 100.0, "percent_covered_display": "100", "missing_lines": 0, "excluded_lines": 0}, "missing_lines": [], "excluded_lines": []}, "": {"executed_lines": [1, 9, 10, 11, 12, 14, 15, 16, 18, 21, 24, 25, 27, 35, 113], "summary": {"covered_lines": 13, "num_statements": 13, "percent_covered": 100.0, "percent_covered_display": "100", "missing_lines": 0, "excluded_lines": 0}, "missing_lines": [], "excluded_lines": []}}}, "src/middleware/sanitize.py": {"executed_lines": [1, 10, 11, 12, 13, 15, 16, 17, 20, 27, 28, 31, 70, 71, 90, 91, 94, 97, 98, 99, 102, 103, 106, 107, 108, 109, 116, 118, 119, 137, 138, 139, 141, 142, 144, 145, 148, 149, 150, 151, 157, 158, 166, 168, 170, 171, 189, 190, 191, 193, 194, 195, 196, 197, 198, 206, 207, 216, 218, 220, 221, 234, 237, 238, 241, 244, 245, 248, 249, 250, 252, 254, 255, 268, 270, 272, 273, 275, 276, 278, 280, 281, 294, 295, 297, 300, 302, 303, 304, 305, 308, 309, 315, 317, 318, 321, 322, 323, 324, 325, 326, 328, 330, 337, 338, 348, 353, 366, 367, 368, 369, 371, 389, 390, 393, 394, 395, 400, 404, 405, 406, 407, 413, 414, 416, 417, 419, 421, 422, 425, 426, 427, 428, 429, 430, 435, 438, 439, 443, 444, 449, 452, 455, 456, 458, 460, 461, 462, 463, 469, 470, 472, 473, 474, 478, 479, 485, 487, 494, 508, 513], "summary": {"covered_lines": 158, "num_statements": 158, "percent_covered": 100.0, "percent_covered_display": "100", "missing_lines": 0, "excluded_lines": 0}, "missing_lines": [], "excluded_lines": [], "functions": {"InputSanitizer.sanitize_string": {"executed_lines": [90, 91, 94, 97, 98, 99, 102, 103, 106, 107, 108, 109, 116], "summary": {"covered_lines": 13, "num_statements": 13, "percent_covered": 100.0, "percent_covered_display": "100", "missing_lines": 0, "excluded_lines": 0}, "missing_lines": [], "excluded_lines": []}, "InputSanitizer.sanitize_dict": {"executed_lines": [137, 138, 139, 141, 142, 144, 145, 148, 149, 150, 151, 157, 158, 166, 168], "summary": {"covered_lines": 15, "num_statements": 15, "percent_covered": 100.0, "percent_covered_display": "100", "missing_lines": 0, "excluded_lines": 0}, "missing_lines": [], "excluded_lines": []}, "InputSanitizer.sanitize_list": {"executed_lines": [189, 190, 191, 193, 194, 195, 196, 197, 198, 206, 207, 216, 218], "summary": {"covered_lines": 13, "num_statements": 13, "percent_covered": 100.0, "percent_covered_display": "100", "missing_lines": 0, "excluded_lines": 0}, "missing_lines": [], "excluded_lines": []}, "InputSanitizer.validate_filename": {"executed_lines": [234, 237, 238, 241, 244, 245, 248, 249, 250, 252], "summary": {"covered_lines": 10, "num_statements": 10, "percent_covered": 100.0, "percent_covered_display": "100", "missing_lines": 0, "excluded_lines": 0}, "missing_lines": [], "excluded_lines": []}, "InputSanitizer.validate_email": {"executed_lines": [268, 270, 272, 273, 275, 276, 278], "summary": {"covered_lines": 7, "num_statements": 7, "percent_covered": 100.0, "percent_covered_display": "100", "missing_lines": 0, "excluded_lines": 0}, "missing_lines": [], "excluded_lines": []}, "InputSanitizer.validate_url": {"executed_lines": [294, 295, 297, 300, 302, 303, 304, 305, 308, 309, 315, 317, 318, 321, 322, 323, 324, 325, 326, 328, 330], "summary": {"covered_lines": 21, "num_statements": 21, "percent_covered": 100.0, "percent_covered_display": "100", "missing_lines": 0, "excluded_lines": 0}, "missing_lines": [], "excluded_lines": []}, "SanitizationMiddleware.__init__": {"executed_lines": [366, 367, 368, 369], "summary": {"covered_lines": 4, "num_statements": 4, "percent_covered": 100.0, "percent_covered_display": "100", "missing_lines": 0, "excluded_lines": 0}, "missing_lines": [], "excluded_lines": []}, "SanitizationMiddleware.dispatch": {"executed_lines": [389, 390, 393, 394, 395, 400, 404, 405, 406, 407, 413, 414, 416, 417, 419, 421, 422, 425, 426, 427, 428, 429, 430, 435, 438, 439, 443, 444, 449, 452, 455, 458, 460, 461, 462, 463, 469, 470, 472, 473, 474, 478, 479, 485, 487], "summary": {"covered_lines": 45, "num_statements": 45, "percent_covered": 100.0, "percent_covered_display": "100", "missing_lines": 0, "excluded_lines": 0}, "missing_lines": [], "excluded_lines": []}, "SanitizationMiddleware.dispatch.receive": {"executed_lines": [456], "summary": {"covered_lines": 1, "num_statements": 1, "percent_covered": 100.0, "percent_covered_display": "100", "missing_lines": 0, "excluded_lines": 0}, "missing_lines": [], "excluded_lines": []}, "setup_input_sanitization": {"executed_lines": [508, 513], "summary": {"covered_lines": 2, "num_statements": 2, "percent_covered": 100.0, "percent_covered_display": "100", "missing_lines": 0, "excluded_lines": 0}, "missing_lines": [], "excluded_lines": []}, "": {"executed_lines": [1, 10, 11, 12, 13, 15, 16, 17, 20, 27, 28, 31, 70, 71, 118, 119, 170, 171, 220, 221, 254, 255, 280, 281, 337, 338, 348, 353, 371, 494], "summary": {"covered_lines": 27, "num_statements": 27, "percent_covered": 100.0, "percent_covered_display": "100", "missing_lines": 0, "excluded_lines": 0}, "missing_lines": [], "excluded_lines": []}}, "classes": {"InputSanitizer": {"executed_lines": [90, 91, 94, 97, 98, 99, 102, 103, 106, 107, 108, 109, 116, 137, 138, 139, 141, 142, 144, 145, 148, 149, 150, 151, 157, 158, 166, 168, 189, 190, 191, 193, 194, 195, 196, 197, 198, 206, 207, 216, 218, 234, 237, 238, 241, 244, 245, 248, 249, 250, 252, 268, 270, 272, 273, 275, 276, 278, 294, 295, 297, 300, 302, 303, 304, 305, 308, 309, 315, 317, 318, 321, 322, 323, 324, 325, 326, 328, 330], "summary": {"covered_lines": 79, "num_statements": 79, "percent_covered": 100.0, "percent_covered_display": "100", "missing_lines": 0, "excluded_lines": 0}, "missing_lines": [], "excluded_lines": []}, "SanitizationMiddleware": {"executed_lines": [366, 367, 368, 369, 389, 390, 393, 394, 395, 400, 404, 405, 406, 407, 413, 414, 416, 417, 419, 421, 422, 425, 426, 427, 428, 429, 430, 435, 438, 439, 443, 444, 449, 452, 455, 456, 458, 460, 461, 462, 463, 469, 470, 472, 473, 474, 478, 479, 485, 487], "summary": {"covered_lines": 50, "num_statements": 50, "percent_covered": 100.0, "percent_covered_display": "100", "missing_lines": 0, "excluded_lines": 0}, "missing_lines": [], "excluded_lines": []}, "": {"executed_lines": [1, 10, 11, 12, 13, 15, 16, 17, 20, 27, 28, 31, 70, 71, 118, 119, 170, 171, 220, 221, 254, 255, 280, 281, 337, 338, 348, 353, 371, 494, 508, 513], "summary": {"covered_lines": 29, "num_statements": 29, "percent_covered": 100.0, "percent_covered_display": "100", "missing_lines": 0, "excluded_lines": 0}, "missing_lines": [], "excluded_lines": []}}}, "src/middleware/security_headers.py": {"executed_lines": [1, 12, 13, 15, 16, 17, 19, 22, 25, 26, 28, 35, 36, 37, 39, 49, 54, 58, 62, 66, 70, 75, 77, 90, 95, 99, 103, 115, 118, 121, 122, 125, 126, 128], "summary": {"covered_lines": 32, "num_statements": 32, "percent_covered": 100.0, "percent_covered_display": "100", "missing_lines": 0, "excluded_lines": 0}, "missing_lines": [], "excluded_lines": [], "functions": {"SecurityHeadersMiddleware.__init__": {"executed_lines": [35, 36, 37], "summary": {"covered_lines": 3, "num_statements": 3, "percent_covered": 100.0, "percent_covered_display": "100", "missing_lines": 0, "excluded_lines": 0}, "missing_lines": [], "excluded_lines": []}, "SecurityHeadersMiddleware.dispatch": {"executed_lines": [49, 54, 58, 62, 66, 70, 75, 77, 90, 95, 99, 103, 115, 118, 121, 122, 125, 126, 128], "summary": {"covered_lines": 19, "num_statements": 19, "percent_covered": 100.0, "percent_covered_display": "100", "missing_lines": 0, "excluded_lines": 0}, "missing_lines": [], "excluded_lines": []}, "": {"executed_lines": [1, 12, 13, 15, 16, 17, 19, 22, 25, 26, 28, 39], "summary": {"covered_lines": 10, "num_statements": 10, "percent_covered": 100.0, "percent_covered_display": "100", "missing_lines": 0, "excluded_lines": 0}, "missing_lines": [], "excluded_lines": []}}, "classes": {"SecurityHeadersMiddleware": {"executed_lines": [35, 36, 37, 49, 54, 58, 62, 66, 70, 75, 77, 90, 95, 99, 103, 115, 118, 121, 122, 125, 126, 128], "summary": {"covered_lines": 22, "num_statements": 22, "percent_covered": 100.0, "percent_covered_display": "100", "missing_lines": 0, "excluded_lines": 0}, "missing_lines": [], "excluded_lines": []}, "": {"executed_lines": [1, 12, 13, 15, 16, 17, 19, 22, 25, 26, 28, 39], "summary": {"covered_lines": 10, "num_statements": 10, "percent_covered": 100.0, "percent_covered_display": "100", "missing_lines": 0, "excluded_lines": 0}, "missing_lines": [], "excluded_lines": []}}}, "src/middleware/subscription.py": {"executed_lines": [1, 12, 13, 14, 16, 17, 18, 19, 20, 22, 23, 24, 25, 26, 28, 31, 32, 40, 46, 60, 61, 64, 65, 66, 69, 70, 72, 75, 76, 77, 81, 82, 87, 105, 108, 109, 111, 113, 114, 116, 118, 120, 130, 131, 132, 133, 135, 150, 159, 161, 169, 174, 177, 182, 184, 192, 194, 214, 215, 216, 219, 220, 221, 222, 224, 227, 228, 237, 238, 245, 246, 254, 256, 258, 269, 271, 280, 281, 284, 294, 295, 297, 301, 302, 303, 307, 333, 334, 338, 355, 356], "summary": {"covered_lines": 89, "num_statements": 89, "percent_covered": 100.0, "percent_covered_display": "100", "missing_lines": 0, "excluded_lines": 0}, "missing_lines": [], "excluded_lines": [], "functions": {"SubscriptionEnforcementMiddleware.dispatch": {"executed_lines": [60, 61, 64, 65, 66, 69, 70, 72, 75, 76, 77, 81, 82, 87, 105, 108, 109, 111, 113, 114, 116, 118], "summary": {"covered_lines": 22, "num_statements": 22, "percent_covered": 100.0, "percent_covered_display": "100", "missing_lines": 0, "excluded_lines": 0}, "missing_lines": [], "excluded_lines": []}, "SubscriptionEnforcementMiddleware._get_limit_type": {"executed_lines": [130, 131, 132, 133], "summary": {"covered_lines": 4, "num_statements": 4, "percent_covered": 100.0, "percent_covered_display": "100", "missing_lines": 0, "excluded_lines": 0}, "missing_lines": [], "excluded_lines": []}, "SubscriptionEnforcementMiddleware._check_limit": {"executed_lines": [150, 159, 161, 169, 174, 177, 182, 184, 192], "summary": {"covered_lines": 9, "num_statements": 9, "percent_covered": 100.0, "percent_covered_display": "100", "missing_lines": 0, "excluded_lines": 0}, "missing_lines": [], "excluded_lines": []}, "SubscriptionEnforcementMiddleware._get_current_usage": {"executed_lines": [214, 215, 216, 219, 220, 221, 222, 224, 227, 228, 237, 238, 245, 246, 254, 256], "summary": {"covered_lines": 16, "num_statements": 16, "percent_covered": 100.0, "percent_covered_display": "100", "missing_lines": 0, "excluded_lines": 0}, "missing_lines": [], "excluded_lines": []}, "SubscriptionEnforcementMiddleware._record_usage": {"executed_lines": [269, 271, 280, 281, 284, 294, 295, 297, 301, 302, 303], "summary": {"covered_lines": 11, "num_statements": 11, "percent_covered": 100.0, "percent_covered_display": "100", "missing_lines": 0, "excluded_lines": 0}, "missing_lines": [], "excluded_lines": []}, "check_subscription_limit": {"executed_lines": [333, 334], "summary": {"covered_lines": 2, "num_statements": 2, "percent_covered": 100.0, "percent_covered_display": "100", "missing_lines": 0, "excluded_lines": 0}, "missing_lines": [], "excluded_lines": []}, "record_usage": {"executed_lines": [355, 356], "summary": {"covered_lines": 2, "num_statements": 2, "percent_covered": 100.0, "percent_covered_display": "100", "missing_lines": 0, "excluded_lines": 0}, "missing_lines": [], "excluded_lines": []}, "": {"executed_lines": [1, 12, 13, 14, 16, 17, 18, 19, 20, 22, 23, 24, 25, 26, 28, 31, 32, 40, 46, 120, 135, 194, 258, 307, 338], "summary": {"covered_lines": 23, "num_statements": 23, "percent_covered": 100.0, "percent_covered_display": "100", "missing_lines": 0, "excluded_lines": 0}, "missing_lines": [], "excluded_lines": []}}, "classes": {"SubscriptionEnforcementMiddleware": {"executed_lines": [60, 61, 64, 65, 66, 69, 70, 72, 75, 76, 77, 81, 82, 87, 105, 108, 109, 111, 113, 114, 116, 118, 130, 131, 132, 133, 150, 159, 161, 169, 174, 177, 182, 184, 192, 214, 215, 216, 219, 220, 221, 222, 224, 227, 228, 237, 238, 245, 246, 254, 256, 269, 271, 280, 281, 284, 294, 295, 297, 301, 302, 303], "summary": {"covered_lines": 62, "num_statements": 62, "percent_covered": 100.0, "percent_covered_display": "100", "missing_lines": 0, "excluded_lines": 0}, "missing_lines": [], "excluded_lines": []}, "": {"executed_lines": [1, 12, 13, 14, 16, 17, 18, 19, 20, 22, 23, 24, 25, 26, 28, 31, 32, 40, 46, 120, 135, 194, 258, 307, 333, 334, 338, 355, 356], "summary": {"covered_lines": 27, "num_statements": 27, "percent_covered": 100.0, "percent_covered_display": "100", "missing_lines": 0, "excluded_lines": 0}, "missing_lines": [], "excluded_lines": []}}}, "src/models/__init__.py": {"executed_lines": [1, 2, 3, 4, 5, 6, 7, 8, 9, 10, 11, 12, 13, 21], "summary": {"covered_lines": 13, "num_statements": 13, "percent_covered": 100.0, "percent_covered_display": "100", "missing_lines": 0, "excluded_lines": 0}, "missing_lines": [], "excluded_lines": [], "functions": {"": {"executed_lines": [1, 2, 3, 4, 5, 6, 7, 8, 9, 10, 11, 12, 13, 21], "summary": {"covered_lines": 13, "num_statements": 13, "percent_covered": 100.0, "percent_covered_display": "100", "missing_lines": 0, "excluded_lines": 0}, "missing_lines": [], "excluded_lines": []}}, "classes": {"": {"executed_lines": [1, 2, 3, 4, 5, 6, 7, 8, 9, 10, 11, 12, 13, 21], "summary": {"covered_lines": 13, "num_statements": 13, "percent_covered": 100.0, "percent_covered_display": "100", "missing_lines": 0, "excluded_lines": 0}, "missing_lines": [], "excluded_lines": []}}}, "src/models/audit_log.py": {"executed_lines": [1, 7, 8, 9, 11, 12, 14, 17, 18, 20, 21, 22, 25, 26, 27, 30, 31, 32, 35, 36, 37, 38, 39, 42, 43, 44, 45, 48, 49, 50, 53, 54, 60, 63, 64, 65, 68, 69, 70, 73, 74, 75, 78, 79, 80, 81, 82, 85, 86, 89, 96, 104, 105, 111, 112, 118, 121, 122, 123, 126, 127, 130, 131, 132, 135, 136, 139, 140, 143, 150], "summary": {"covered_lines": 66, "num_statements": 66, "percent_covered": 100.0, "percent_covered_display": "100", "missing_lines": 0, "excluded_lines": 0}, "missing_lines": [], "excluded_lines": [], "functions": {"AuditLog.__repr__": {"executed_lines": [105], "summary": {"covered_lines": 1, "num_statements": 1, "percent_covered": 100.0, "percent_covered_display": "100", "missing_lines": 0, "excluded_lines": 0}, "missing_lines": [], "excluded_lines": []}, "": {"executed_lines": [1, 7, 8, 9, 11, 12, 14, 17, 18, 20, 21, 22, 25, 26, 27, 30, 31, 32, 35, 36, 37, 38, 39, 42, 43, 44, 45, 48, 49, 50, 53, 54, 60, 63, 64, 65, 68, 69, 70, 73, 74, 75, 78, 79, 80, 81, 82, 85, 86, 89, 96, 104, 111, 112, 118, 121, 122, 123, 126, 127, 130, 131, 132, 135, 136, 139, 140, 143, 150], "summary": {"covered_lines": 65, "num_statements": 65, "percent_covered": 100.0, "percent_covered_display": "100", "missing_lines": 0, "excluded_lines": 0}, "missing_lines": [], "excluded_lines": []}}, "classes": {"AuditAction": {"executed_lines": [], "summary": {"covered_lines": 0, "num_statements": 0, "percent_covered": 100.0, "percent_covered_display": "100", "missing_lines": 0, "excluded_lines": 0}, "missing_lines": [], "excluded_lines": []}, "AuditLog": {"executed_lines": [105], "summary": {"covered_lines": 1, "num_statements": 1, "percent_covered": 100.0, "percent_covered_display": "100", "missing_lines": 0, "excluded_lines": 0}, "missing_lines": [], "excluded_lines": []}, "DataAccessLog": {"executed_lines": [], "summary": {"covered_lines": 0, "num_statements": 0, "percent_covered": 100.0, "percent_covered_display": "100", "missing_lines": 0, "excluded_lines": 0}, "missing_lines": [], "excluded_lines": []}, "": {"executed_lines": [1, 7, 8, 9, 11, 12, 14, 17, 18, 20, 21, 22, 25, 26, 27, 30, 31, 32, 35, 36, 37, 38, 39, 42, 43, 44, 45, 48, 49, 50, 53, 54, 60, 63, 64, 65, 68, 69, 70, 73, 74, 75, 78, 79, 80, 81, 82, 85, 86, 89, 96, 104, 111, 112, 118, 121, 122, 123, 126, 127, 130, 131, 132, 135, 136, 139, 140, 143, 150], "summary": {"covered_lines": 65, "num_statements": 65, "percent_covered": 100.0, "percent_covered_display": "100", "missing_lines": 0, "excluded_lines": 0}, "missing_lines": [], "excluded_lines": []}}}, "src/models/base.py": {"executed_lines": [1, 2, 3, 4, 6, 7, 8, 9, 12, 13, 15, 18, 19, 21, 22, 24, 32, 33, 35, 42, 51, 52, 54, 56, 63, 65, 68, 69, 71, 73, 75], "summary": {"covered_lines": 25, "num_statements": 25, "percent_covered": 100.0, "percent_covered_display": "100", "missing_lines": 0, "excluded_lines": 0}, "missing_lines": [], "excluded_lines": [], "functions": {"TenantMixin.vendor_id": {"executed_lines": [24], "summary": {"covered_lines": 1, "num_statements": 1, "percent_covered": 100.0, "percent_covered_display": "100", "missing_lines": 0, "excluded_lines": 0}, "missing_lines": [], "excluded_lines": []}, "BaseModel.__repr__": {"executed_lines": [65], "summary": {"covered_lines": 1, "num_statements": 1, "percent_covered": 100.0, "percent_covered_display": "100", "missing_lines": 0, "excluded_lines": 0}, "missing_lines": [], "excluded_lines": []}, "TenantModel.__repr__": {"executed_lines": [75], "summary": {"covered_lines": 1, "num_statements": 1, "percent_covered": 100.0, "percent_covered_display": "100", "missing_lines":
[...]
cuted_lines": [1, 9, 10, 11, 12, 13, 15, 17, 18, 19, 20, 23, 24, 27, 28, 35, 41, 47, 80, 175, 258, 316], "summary": {"covered_lines": 20, "num_statements": 20, "percent_covered": 100.0, "percent_covered_display": "100", "missing_lines": 0, "excluded_lines": 0}, "missing_lines": [], "excluded_lines": []}}, "classes": {"SquareOAuthService": {"executed_lines": [43, 44, 45, 57, 58, 61, 63, 71, 72, 73, 75, 99, 102, 103, 114, 115, 120, 123, 124, 125, 126, 129, 132, 133, 136, 140, 142, 143, 144, 145, 146, 147, 148, 150, 153, 162, 165, 166, 167, 168, 170, 171, 173, 192, 195, 199, 200, 206, 211, 212, 223, 225, 226, 228, 233, 236, 237, 238, 241, 244, 245, 248, 249, 250, 251, 252, 254, 256, 277, 278, 281, 290, 291, 297, 298, 300, 302, 305, 308, 312], "summary": {"covered_lines": 80, "num_statements": 80, "percent_covered": 100.0, "percent_covered_display": "100", "missing_lines": 0, "excluded_lines": 0}, "missing_lines": [], "excluded_lines": []}, "": {"executed_lines": [1, 9, 10, 11, 12, 13, 15, 17, 18, 19, 20, 23, 24, 27, 28, 35, 41, 47, 80, 175, 258, 316], "summary": {"covered_lines": 20, "num_statements": 20, "percent_covered": 100.0, "percent_covered_display": "100", "missing_lines": 0, "excluded_lines": 0}, "missing_lines": [], "excluded_lines": []}}}, "src/services/square_service.py": {"executed_lines": [1, 12, 13, 14, 15, 17, 18, 19, 20, 21, 23, 26, 27, 37, 44, 45, 51, 62, 64, 81, 84, 94, 95, 97, 99, 105, 115, 119, 121, 122, 123, 124, 127, 128, 130, 131, 133, 135, 145, 149, 150, 156, 157, 159, 168, 178, 182, 183, 186, 187, 190, 191, 195, 196, 200, 202, 203, 205, 206, 207, 213, 224, 227, 228, 229, 232, 233, 235, 236, 238, 254, 257, 258, 259, 262, 263, 265, 266, 268, 284, 287, 288, 289, 292, 293, 295, 296, 302, 315, 323, 329, 344, 345, 346, 349, 362, 375, 377, 378, 379, 385, 386, 387, 394, 396, 402, 412, 413], "summary": {"covered_lines": 106, "num_statements": 106, "percent_covered": 100.0, "percent_covered_display": "100", "missing_lines": 0, "excluded_lines": 0}, "missing_lines": [], "excluded_lines": [], "functions": {"SquareService.__init__": {"executed_lines": [44, 45], "summary": {"covered_lines": 2, "num_statements": 2, "percent_covered": 100.0, "percent_covered_display": "100", "missing_lines": 0, "excluded_lines": 0}, "missing_lines": [], "excluded_lines": []}, "SquareService.get_authorization_url": {"executed_lines": [62], "summary": {"covered_lines": 1, "num_statements": 1, "percent_covered": 100.0, "percent_covered_display": "100", "missing_lines": 0, "excluded_lines": 0}, "missing_lines": [], "excluded_lines": []}, "SquareService.handle_oauth_callback": {"executed_lines": [81, 84, 94, 95, 97, 99], "summary": {"covered_lines": 6, "num_statements": 6, "percent_covered": 100.0, "percent_covered_display": "100", "missing_lines": 0, "excluded_lines": 0}, "missing_lines": [], "excluded_lines": []}, "SquareService.disconnect": {"executed_lines": [115, 119, 121, 122, 123, 124, 127, 128, 130, 131, 133], "summary": {"covered_lines": 11, "num_statements": 11, "percent_covered": 100.0, "percent_covered_display": "100", "missing_lines": 0, "excluded_lines": 0}, "missing_lines": [], "excluded_lines": []}, "SquareService.get_connection_status": {"executed_lines": [145, 149, 150, 156, 157, 159], "summary": {"covered_lines": 6, "num_statements": 6, "percent_covered": 100.0, "percent_covered_display": "100", "missing_lines": 0, "excluded_lines": 0}, "missing_lines": [], "excluded_lines": []}, "SquareService.refresh_token_if_needed": {"executed_lines": [178, 182, 183, 186, 187, 190, 191, 195, 196, 200, 202, 203, 205, 206, 207], "summary": {"covered_lines": 15, "num_statements": 15, "percent_covered": 100.0, "percent_covered_display": "100", "missing_lines": 0, "excluded_lines": 0}, "missing_lines": [], "excluded_lines": []}, "SquareService.import_products": {"executed_lines": [224, 227, 228, 229, 232, 233, 235, 236], "summary": {"covered_lines": 8, "num_statements": 8, "percent_covered": 100.0, "percent_covered_display": "100", "missing_lines": 0, "excluded_lines": 0}, "missing_lines": [], "excluded_lines": []}, "SquareService.import_sales": {"executed_lines": [254, 257, 258, 259, 262, 263, 265, 266], "summary": {"covered_lines": 8, "num_statements": 8, "percent_covered": 100.0, "percent_covered_display": "100", "missing_lines": 0, "excluded_lines": 0}, "missing_lines": [], "excluded_lines": []}, "SquareService.full_import": {"executed_lines": [284, 287, 288, 289, 292, 293, 295, 296], "summary": {"covered_lines": 8, "num_statements": 8, "percent_covered": 100.0, "percent_covered_display": "100", "missing_lines": 0, "excluded_lines": 0}, "missing_lines": [], "excluded_lines": []}, "SquareService.schedule_daily_sync": {"executed_lines": [315, 323], "summary": {"covered_lines": 2, "num_statements": 2, "percent_covered": 100.0, "percent_covered_display": "100", "missing_lines": 0, "excluded_lines": 0}, "missing_lines": [], "excluded_lines": []}, "SquareService.get_sync_history": {"executed_lines": [344, 345, 346, 349, 362, 375, 377, 378, 379, 385, 386, 387, 394, 396], "summary": {"covered_lines": 14, "num_statements": 14, "percent_covered": 100.0, "percent_covered_display": "100", "missing_lines": 0, "excluded_lines": 0}, "missing_lines": [], "excluded_lines": []}, "SquareService.validate_connection": {"executed_lines": [412, 413], "summary": {"covered_lines": 2, "num_statements": 2, "percent_covered": 100.0, "percent_covered_display": "100", "missing_lines": 0, "excluded_lines": 0}, "missing_lines": [], "excluded_lines": []}, "": {"executed_lines": [1, 12, 13, 14, 15, 17, 18, 19, 20, 21, 23, 26, 27, 37, 51, 64, 105, 135, 168, 213, 238, 268, 302, 329, 402], "summary": {"covered_lines": 23, "num_statements": 23, "percent_covered": 100.0, "percent_covered_display": "100", "missing_lines": 0, "excluded_lines": 0}, "missing_lines": [], "excluded_lines": []}}, "classes": {"SquareService": {"executed_lines": [44, 45, 62, 81, 84, 94, 95, 97, 99, 115, 119, 121, 122, 123, 124, 127, 128, 130, 131, 133, 145, 149, 150, 156, 157, 159, 178, 182, 183, 186, 187, 190, 191, 195, 196, 200, 202, 203, 205, 206, 207, 224, 227, 228, 229, 232, 233, 235, 236, 254, 257, 258, 259, 262, 263, 265, 266, 284, 287, 288, 289, 292, 293, 295, 296, 315, 323, 344, 345, 346, 349, 362, 375, 377, 378, 379, 385, 386, 387, 394, 396, 412, 413], "summary": {"covered_lines": 83, "num_statements": 83, "percent_covered": 100.0, "percent_covered_display": "100", "missing_lines": 0, "excluded_lines": 0}, "missing_lines": [], "excluded_lines": []}, "": {"executed_lines": [1, 12, 13, 14, 15, 17, 18, 19, 20, 21, 23, 26, 27, 37, 51, 64, 105, 135, 168, 213, 238, 268, 302, 329, 402], "summary": {"covered_lines": 23, "num_statements": 23, "percent_covered": 100.0, "percent_covered_display": "100", "missing_lines": 0, "excluded_lines": 0}, "missing_lines": [], "excluded_lines": []}}}, "src/services/square_sync.py": {"executed_lines": [1, 12, 13, 14, 15, 16, 18, 19, 21, 22, 23, 26, 29, 30, 31, 34, 35, 37, 44, 45, 46, 48, 56, 58, 60, 65, 67, 68, 71, 73, 74, 76, 77, 80, 91, 92, 94, 95, 96, 98, 99, 100, 102, 103, 105, 106, 108, 109, 112, 114, 115, 116, 119, 122, 123, 124, 127, 128, 132, 141, 143, 144, 145, 146, 147, 148, 151, 160, 161, 163, 164, 165, 166, 169, 171, 176, 183, 195, 198, 199, 202, 203, 205, 206, 207, 209, 211, 212, 213, 216, 217, 218, 225, 227, 228, 229, 232, 241, 242, 243, 246, 247, 252, 253, 254, 257, 258, 268, 277, 278, 280, 281, 282, 283, 285, 286, 287, 290, 292, 297, 304, 313, 315, 316, 319, 320, 321, 322, 323, 326, 327, 328, 329, 330, 332, 339, 345, 351, 353, 359, 365], "summary": {"covered_lines": 138, "num_statements": 138, "percent_covered": 100.0, "percent_covered_display": "100", "missing_lines": 0, "excluded_lines": 0}, "missing_lines": [], "excluded_lines": [], "functions": {"SquareSyncService.__init__": {"executed_lines": [44, 45, 46], "summary": {"covered_lines": 3, "num_statements": 3, "percent_covered": 100.0, "percent_covered_display": "100", "missing_lines": 0, "excluded_lines": 0}, "missing_lines": [], "excluded_lines": []}, "SquareSyncService.sync_products": {"executed_lines": [56, 58, 60, 65, 67, 68, 71, 73, 74, 76, 77, 80, 91, 92, 94, 95, 96, 98, 99, 100, 102, 103, 105, 106, 108, 109, 112, 114, 115, 116, 119, 122, 123, 124, 127, 128, 132, 141, 143, 144, 145, 146, 147, 148, 151, 160, 161, 163, 164, 165, 166, 169, 171, 176], "summary": {"covered_lines": 54, "num_statements": 54, "percent_covered": 100.0, "percent_covered_display": "100", "missing_lines": 0, "excluded_lines": 0}, "missing_lines": [], "excluded_lines": []}, "SquareSyncService.sync_sales": {"executed_lines": [195, 198, 199, 202, 203, 205, 206, 207, 209, 211, 212, 213, 216, 217, 218, 225, 227, 228, 229, 232, 241, 242, 243, 246, 247, 252, 253, 254, 257, 258, 268, 277, 278, 280, 281, 282, 283, 285, 286, 287, 290, 292, 297], "summary": {"covered_lines": 43, "num_statements": 43, "percent_covered": 100.0, "percent_covered_display": "100", "missing_lines": 0, "excluded_lines": 0}, "missing_lines": [], "excluded_lines": []}, "SquareSyncService.full_sync": {"executed_lines": [313, 315, 316, 319, 320, 321, 322, 323, 326, 327, 328, 329, 330, 332], "summary": {"covered_lines": 14, "num_statements": 14, "percent_covered": 100.0, "percent_covered_display": "100", "missing_lines": 0, "excluded_lines": 0}, "missing_lines": [], "excluded_lines": []}, "SquareSyncService._get_last_successful_product_sync": {"executed_lines": [345, 351], "summary": {"covered_lines": 2, "num_statements": 2, "percent_covered": 100.0, "percent_covered_display": "100", "missing_lines": 0, "excluded_lines": 0}, "missing_lines": [], "excluded_lines": []}, "SquareSyncService._get_last_successful_sales_sync": {"executed_lines": [359, 365], "summary": {"covered_lines": 2, "num_statements": 2, "percent_covered": 100.0, "percent_covered_display": "100", "missing_lines": 0, "excluded_lines": 0}, "missing_lines": [], "excluded_lines": []}, "": {"executed_lines": [1, 12, 13, 14, 15, 16, 18, 19, 21, 22, 23, 26, 29, 30, 31, 34, 35, 37, 48, 183, 304, 339, 353], "summary": {"covered_lines": 20, "num_statements": 20, "percent_covered": 100.0, "percent_covered_display": "100", "missing_lines": 0, "excluded_lines": 0}, "missing_lines": [], "excluded_lines": []}}, "classes": {"SquareAPIError": {"executed_lines": [], "summary": {"covered_lines": 0, "num_statements": 0, "percent_covered": 100.0, "percent_covered_display": "100", "missing_lines": 0, "excluded_lines": 0}, "missing_lines": [], "excluded_lines": []}, "SquareSyncService": {"executed_lines": [44, 45, 46, 56, 58, 60, 65, 67, 68, 71, 73, 74, 76, 77, 80, 91, 92, 94, 95, 96, 98, 99, 100, 102, 103, 105, 106, 108, 109, 112, 114, 115, 116, 119, 122, 123, 124, 127, 128, 132, 141, 143, 144, 145, 146, 147, 148, 151, 160, 161, 163, 164, 165, 166, 169, 171, 176, 195, 198, 199, 202, 203, 205, 206, 207, 209, 211, 212, 213, 216, 217, 218, 225, 227, 228, 229, 232, 241, 242, 243, 246, 247, 252, 253, 254, 257, 258, 268, 277, 278, 280, 281, 282, 283, 285, 286, 287, 290, 292, 297, 313, 315, 316, 319, 320, 321, 322, 323, 326, 327, 328, 329, 330, 332, 345, 351, 359, 365], "summary": {"covered_lines": 118, "num_statements": 118, "percent_covered": 100.0, "percent_covered_display": "100", "missing_lines": 0, "excluded_lines": 0}, "missing_lines": [], "excluded_lines": []}, "": {"executed_lines": [1, 12, 13, 14, 15, 16, 18, 19, 21, 22, 23, 26, 29, 30, 31, 34, 35, 37, 48, 183, 304, 339, 353], "summary": {"covered_lines": 20, "num_statements": 20, "percent_covered": 100.0, "percent_covered_display": "100", "missing_lines": 0, "excluded_lines": 0}, "missing_lines": [], "excluded_lines": []}}}, "src/services/stripe_service.py": {"executed_lines": [1, 7, 8, 9, 11, 12, 14, 15, 16, 18, 21, 24, 25, 36, 37, 39, 58, 59, 60, 62, 68, 69, 71, 72, 73, 75, 94, 96, 102, 103, 105, 108, 109, 112, 128, 129, 130, 132, 133, 135, 136, 137, 139, 154, 155, 156, 158, 159, 161, 165, 168, 169, 170, 172, 173, 175, 176, 178, 179, 180, 182, 201, 203, 209, 212, 213, 219, 225, 234, 235, 236, 237, 238, 240, 241, 242, 244, 245, 247, 248, 249, 251, 266, 267, 268, 270, 290, 291, 292, 294, 295, 297, 314, 315, 316, 318, 328, 329, 330, 332, 333, 335, 350, 351, 352, 354, 359, 360, 362, 365, 366, 367, 368, 369, 371, 373, 380, 388], "summary": {"covered_lines": 116, "num_statements": 116, "percent_covered": 100.0, "percent_covered_display": "100", "missing_lines": 0, "excluded_lines": 0}, "missing_lines": [], "excluded_lines": [], "functions": {"StripeService.__init__": {"executed_lines": [37], "summary": {"covered_lines": 1, "num_statements": 1, "percent_covered": 100.0, "percent_covered_display": "100", "missing_lines": 0, "excluded_lines": 0}, "missing_lines": [], "excluded_lines": []}, "StripeService.create_customer": {"executed_lines": [58, 59, 60, 62, 68, 69, 71, 72, 73], "summary": {"covered_lines": 9, "num_statements": 9, "percent_covered": 100.0, "percent_covered_display": "100", "missing_lines": 0, "excluded_lines": 0}, "missing_lines": [], "excluded_lines": []}, "StripeService.create_subscription": {"executed_lines": [94, 96, 102, 103, 105, 108, 109, 112, 128, 129, 130, 132, 133, 135, 136, 137], "summary": {"covered_lines": 16, "num_statements": 16, "percent_covered": 100.0, "percent_covered_display": "100", "missing_lines": 0, "excluded_lines": 0}, "missing_lines": [], "excluded_lines": []}, "StripeService.cancel_subscription": {"executed_lines": [154, 155, 156, 158, 159, 161, 165, 168, 169, 170, 172, 173, 175, 176, 178, 179, 180], "summary": {"covered_lines": 17, "num_statements": 17, "percent_covered": 100.0, "percent_covered_display": "100", "missing_lines": 0, "excluded_lines": 0}, "missing_lines": [], "excluded_lines": []}, "StripeService.add_payment_method": {"executed_lines": [201, 203, 209, 212, 213, 219, 225, 234, 235, 236, 237, 238, 240, 241, 242, 244, 245, 247, 248, 249], "summary": {"covered_lines": 20, "num_statements": 20, "percent_covered": 100.0, "percent_covered_display": "100", "missing_lines": 0, "excluded_lines": 0}, "missing_lines": [], "excluded_lines": []}, "StripeService.create_invoice": {"executed_lines": [266, 267, 268, 270, 290, 291, 292, 294, 295], "summary": {"covered_lines": 9, "num_statements": 9, "percent_covered": 100.0, "percent_covered_display": "100", "missing_lines": 0, "excluded_lines": 0}, "missing_lines": [], "excluded_lines": []}, "StripeService.record_usage": {"executed_lines": [314, 315, 316, 318, 328, 329, 330, 332, 333], "summary": {"covered_lines": 9, "num_statements": 9, "percent_covered": 100.0, "percent_covered_display": "100", "missing_lines": 0, "excluded_lines": 0}, "missing_lines": [], "excluded_lines": []}, "StripeService.get_usage_summary": {"executed_lines": [350, 351, 352, 354, 359, 360, 362, 365, 366, 367, 368, 369, 371], "summary": {"covered_lines": 13, "num_statements": 13, "percent_covered": 100.0, "percent_covered_display": "100", "missing_lines": 0, "excluded_lines": 0}, "missing_lines": [], "excluded_lines": []}, "StripeService._get_tier_from_price_id": {"executed_lines": [380, 388], "summary": {"covered_lines": 2, "num_statements": 2, "percent_covered": 100.0, "percent_covered_display": "100", "missing_lines": 0, "excluded_lines": 0}, "missing_lines": [], "excluded_lines": []}, "": {"executed_lines": [1, 7, 8, 9, 11, 12, 14, 15, 16, 18, 21, 24, 25, 36, 39, 75, 139, 182, 251, 297, 335, 373], "summary": {"covered_lines": 20, "num_statements": 20, "percent_covered": 100.0, "percent_covered_display": "100", "missing_lines": 0, "excluded_lines": 0}, "missing_lines": [], "excluded_lines": []}}, "classes": {"StripeService": {"executed_lines": [37, 58, 59, 60, 62, 68, 69, 71, 72, 73, 94, 96, 102, 103, 105, 108, 109, 112, 128, 129, 130, 132, 133, 135, 136, 137, 154, 155, 156, 158, 159, 161, 165, 168, 169, 170, 172, 173, 175, 176, 178, 179, 180, 201, 203, 209, 212, 213, 219, 225, 234, 235, 236, 237, 238, 240, 241, 242, 244, 245, 247, 248, 249, 266, 267, 268, 270, 290, 291, 292, 294, 295, 314, 315, 316, 318, 328, 329, 330, 332, 333, 350, 351, 352, 354, 359, 360, 362, 365, 366, 367, 368, 369, 371, 380, 388], "summary": {"covered_lines": 96, "num_statements": 96, "percent_covered": 100.0, "percent_covered_display": "100", "missing_lines": 0, "excluded_lines": 0}, "missing_lines": [], "excluded_lines": []}, "": {"executed_lines": [1, 7, 8, 9, 11, 12, 14, 15, 16, 18, 21, 24, 25, 36, 39, 75, 139, 182, 251, 297, 335, 373], "summary": {"covered_lines": 20, "num_statements": 20, "percent_covered": 100.0, "percent_covered_display": "100", "missing_lines": 0, "excluded_lines": 0}, "missing_lines": [], "excluded_lines": []}}}, "src/services/weather.py": {"executed_lines": [1, 5, 6, 7, 8, 9, 11, 12, 14, 17, 20, 21, 23, 25, 27, 28, 31, 32, 38, 39, 40, 41, 42, 43, 44, 46, 59, 60, 63, 65, 66, 68, 84, 85, 86, 89, 90, 91, 92, 94, 95, 96, 97, 98, 101, 102, 103, 115, 116, 117, 119, 122, 123, 125, 134, 135, 136, 137, 142, 143, 144, 146, 148, 149, 151, 153, 162, 164, 173, 196, 197, 200, 201, 203, 204, 207, 212, 216], "summary": {"covered_lines": 76, "num_statements": 76, "percent_covered": 100.0, "percent_covered_display": "100", "missing_lines": 0, "excluded_lines": 0}, "missing_lines": [], "excluded_lines": [], "functions": {"WeatherService.__init__": {"executed_lines": [27, 28, 31, 32, 38, 39, 40, 41, 42, 43, 44], "summary": {"covered_lines": 11, "num_statements": 11, "percent_covered": 100.0, "percent_covered_display": "100", "missing_lines": 0, "excluded_lines": 0}, "missing_lines": [], "excluded_lines": []}, "WeatherService._get_cache_key": {"executed_lines": [59, 60, 63, 65, 66], "summary": {"covered_lines": 5, "num_statements": 5, "percent_covered": 100.0, "percent_covered_display": "100", "missing_lines": 0, "excluded_lines": 0}, "missing_lines": [], "excluded_lines": []}, "WeatherService.get_forecast": {"executed_lines": [84, 85, 86, 89, 90, 91, 92, 94, 95, 96, 97, 98, 101, 102, 103, 115, 116, 117, 119, 122, 123, 125, 134, 135, 136, 137, 142, 143, 144, 146, 148, 149, 151], "summary": {"covered_lines": 33, "num_statements": 33, "percent_covered": 100.0, "percent_covered_display": "100", "missing_lines": 0, "excluded_lines": 0}, "missing_lines": [], "excluded_lines": []}, "WeatherService._get_default_weather": {"executed_lines": [162, 164], "summary": {"covered_lines": 2, "num_statements": 2, "percent_covered": 100.0, "percent_covered_display": "100", "missing_lines": 0, "excluded_lines": 0}, "missing_lines": [], "excluded_lines": []}, "WeatherService.get_forecast_with_fallback": {"executed_lines": [196, 197, 200, 201, 203, 204, 207, 212], "summary": {"covered_lines": 8, "num_statements": 8, "percent_covered": 100.0, "percent_covered_display": "100", "missing_lines": 0, "excluded_lines": 0}, "missing_lines": [], "excluded_lines": []}, "": {"executed_lines": [1, 5, 6, 7, 8, 9, 11, 12, 14, 17, 20, 21, 23, 25, 46, 68, 153, 173, 216], "summary": {"covered_lines": 17, "num_statements": 17, "percent_covered": 100.0, "percent_covered_display": "100", "missing_lines": 0, "excluded_lines": 0}, "missing_lines": [], "excluded_lines": []}}, "classes": {"WeatherService": {"executed_lines": [27, 28, 31, 32, 38, 39, 40, 41, 42, 43, 44, 59, 60, 63, 65, 66, 84, 85, 86, 89, 90, 91, 92, 94, 95, 96, 97, 98, 101, 102, 103, 115, 116, 117, 119, 122, 123, 125, 134, 135, 136, 137, 142, 143, 144, 146, 148, 149, 151, 162, 164, 196, 197, 200, 201, 203, 204, 207, 212], "summary": {"covered_lines": 59, "num_statements": 59, "percent_covered": 100.0, "percent_covered_display": "100", "missing_lines": 0, "excluded_lines": 0}, "missing_lines": [], "excluded_lines": []}, "": {"executed_lines": [1, 5, 6, 7, 8, 9, 11, 12, 14, 17, 20, 21, 23, 25, 46, 68, 153, 173, 216], "summary": {"covered_lines": 17, "num_statements": 17, "percent_covered": 100.0, "percent_covered_display": "100", "missing_lines": 0, "excluded_lines": 0}, "missing_lines": [], "excluded_lines": []}}}}, "totals": {"covered_lines": 5169, "num_statements": 5174, "percent_covered": 99.9033629686896, "percent_covered_display": "99", "missing_lines": 5, "excluded_lines": 0}}